[0mGET /account [32m200[0m 52.303 ms - 4079[0m
[0mPOST /account [32m200[0m 350.101 ms - 303[0m
[0mGET /account [32m200[0m 17.898 ms - 4077[0m
[0mPOST /account [33m400[0m 17.703 ms - 71[0m
[0mGET /account [32m200[0m 107.843 ms - 5312[0m
[0mGET /favicon.ico [33m404[0m 30.408 ms - 2298[0m
[0mGET /logout [36m302[0m 65.919 ms - 56[0m
[0mGET /blogs [32m200[0m 145.092 ms - 3055[0m
[0mGET /register [32m200[0m 90.598 ms - 4421[0m
[0mGET /js/registerFetch.js [33m404[0m 9.373 ms - 2327[0m
[0mGET /register?username=mohamed&email=good%40gmail.com&password=Password [32m200[0m 6.547 ms - 4421[0m
[0mGET /js/registerFetch.js [33m404[0m 6.448 ms - 2327[0m
[0mGET /register?username=mohamed&email=good%40gmail.com&password=Password [36m304[0m 6.498 ms - -[0m
[0mGET /js/registerFetch.js [33m404[0m 6.255 ms - 2327[0m
[0mGET /register?username=mohamed&email=good%40gmail.com&password=Password [32m200[0m 7.422 ms - 4416[0m
[0mGET /register [32m200[0m 8.208 ms - 4416[0m
[0mPOST /register [33m400[0m 7.643 ms - 51[0m
[0mGET /register [32m200[0m 36.494 ms - 4416[0m
[0mPOST /register [33m400[0m 8.148 ms - 51[0m
[0mPOST /register [33m400[0m 13.889 ms - 51[0m
[0mPOST /register [33m400[0m 26.095 ms - 51[0m
[0mPOST /register [33m400[0m 4.329 ms - 51[0m
[0mPOST /register [32m201[0m 560.117 ms - 254[0m
[0mGET /blogs [32m200[0m 66.937 ms - 3026[0m
[0mGET /account [32m200[0m 21.546 ms - 5308[0m
[0mPOST /account [32m200[0m 724.607 ms - 254[0m
[0mGET /account [32m200[0m 19.918 ms - 5308[0m
[0mPOST /account [33m400[0m 301.681 ms - 69[0m
[0mGET /logout [36m302[0m 11.018 ms - 56[0m
[0mGET /blogs [32m200[0m 23.814 ms - 3055[0m
[0mGET /login [32m200[0m 74.577 ms - 3759[0m
[0mGET /js/loginFetch.js [33m404[0m 8.447 ms - 2327[0m
[0mGET /login?email=good%40gmail.com&password=mohamed [32m200[0m 6.346 ms - 3759[0m
[0mGET /js/loginFetch.js [33m404[0m 18.180 ms - 2327[0m
[0mGET /login [32m200[0m 6.153 ms - 3759[0m
[0mGET /js/loginFetch.js [33m404[0m 8.967 ms - 2327[0m
[0mGET /login [32m200[0m 5.389 ms - 3754[0m
[0mPOST /login [31m500[0m 3.248 ms - 2154[0m
[0mPOST /login [31m500[0m 6.555 ms - 2154[0m
[0mPOST /login [31m500[0m 1.921 ms - 2154[0m
[0mPOST /login [32m200[0m 469.864 ms - 254[0m
[0mGET / [36m302[0m 17.720 ms - 56[0m
[0mGET /blogs [32m200[0m 47.872 ms - 3026[0m
[0mGET /logout [36m302[0m 2.701 ms - 56[0m
[0mGET /blogs [32m200[0m 18.417 ms - 3055[0m
[0mGET /login [32m200[0m 35.860 ms - 3754[0m
[0mPOST /login [32m200[0m 328.969 ms - 254[0m
[0mGET / [36m302[0m 17.816 ms - 56[0m
[0mGET /blogs [32m200[0m 19.222 ms - 3026[0m
[0mGET /account [32m200[0m 20.815 ms - 5484[0m
[0mGET /account [32m200[0m 18.910 ms - 5491[0m
[0mGET /account [32m200[0m 12.787 ms - 5558[0m
[0mGET /account [32m200[0m 41.315 ms - 5566[0m
[0mGET /account [31m500[0m 5.139 ms - 2139[0m
[0mDELETE /account [0m-[0m - ms - -[0m
[0mGET /account [31m500[0m 14.246 ms - 2140[0m
[0mGET / [36m302[0m 9.965 ms - 56[0m
[0mGET /blogs [32m200[0m 74.585 ms - 3055[0m
[0mGET /blogs [32m200[0m 33.976 ms - 3055[0m
[0mGET /register [32m200[0m 10.793 ms - 4416[0m
[0mGET /blogs [32m200[0m 16.934 ms - 3055[0m
[0mGET /account [31m500[0m 4.233 ms - 2140[0m
[0mGET / [36m302[0m 2.639 ms - 56[0m
[0mGET /blogs [32m200[0m 16.764 ms - 3055[0m
[0mGET /account [36m302[0m 1.303 ms - 56[0m
[0mGET /blogs [32m200[0m 16.439 ms - 3055[0m
[0mGET /register [32m200[0m 7.564 ms - 4416[0m
[0mGET /register [32m200[0m 34.396 ms - 4416[0m
[0mPOST /register [32m201[0m 375.911 ms - 254[0m
[0mGET /blogs [32m200[0m 18.735 ms - 3026[0m
[0mGET /account [32m200[0m 12.761 ms - 5552[0m
[0mDELETE /account [31m500[0m 6.532 ms - 2121[0m
[0mGET /logout [36m302[0m 19.948 ms - 56[0m
[0mGET /blogs [32m200[0m 21.693 ms - 3055[0m
[0mDELETE /account [0m-[0m - ms - -[0m
[0mGET /login [32m200[0m 6.248 ms - 3754[0m
[0mPOST /login [33m400[0m 12.228 ms - 66[0m
[0mGET /login [32m200[0m 40.128 ms - 3754[0m
[0mGET /login [32m200[0m 7.492 ms - 3754[0m
[0mGET /login [32m200[0m 29.268 ms - 3754[0m
[0mGET /register [32m200[0m 7.211 ms - 4416[0m
[0mGET /login [32m200[0m 5.417 ms - 3754[0m
[0mGET /about [32m200[0m 25.638 ms - 2867[0m
[0mGET /blogs [32m200[0m 45.908 ms - 3055[0m
[0mGET / [36m302[0m 60.894 ms - 56[0m
[0mGET /blogs [32m200[0m 19.919 ms - 3055[0m
[0mGET /blogs [32m200[0m 100.965 ms - 3055[0m
[0mGET /login [32m200[0m 8.460 ms - 3754[0m
[0mGET /register [32m200[0m 6.909 ms - 4416[0m
[0mGET /about [32m200[0m 5.343 ms - 2867[0m
[0mGET /blogs [32m200[0m 14.450 ms - 3055[0m
[0mGET / [36m302[0m 9.261 ms - 56[0m
[0mGET /blogs [32m200[0m 14.231 ms - 3055[0m
[0mGET /login [32m200[0m 64.277 ms - 3754[0m
[0mPOST /login [33m400[0m 33.612 ms - 66[0m
[0mGET /login [36m304[0m 9.880 ms - -[0m
[0mGET /login [36m304[0m 48.367 ms - -[0m
[0mGET /login [36m304[0m 5.831 ms - -[0m
[0mGET /name?name=mohamed [31m500[0m 16.135 ms - 1903[0m
[0mGET /name?name=mohamed [32m200[0m 8.165 ms - 13[0m
[0mGET /name?name=amine [32m200[0m 0.733 ms - 11[0m
[0mGET /name?name=ahmad [32m200[0m 0.602 ms - 11[0m
[0mGET /name?name=asshole [32m200[0m 0.612 ms - 13[0m
[0mGET /name?name=ass [32m200[0m 0.808 ms - 9[0m
[0mGET /name?name=ass&name=mohamed [32m200[0m 1.103 ms - 13[0m
[0mGET /name?name=ass&name=mohamed [36m304[0m 7.048 ms - -[0m
[0mGET /name?name=ass&name=mohamed [36m304[0m 0.765 ms - -[0m
[0mGET /name?name=ass&name=amine [32m200[0m 2.552 ms - 11[0m
[0mGET /name?name=ass&name=ahmad [32m200[0m 1.208 ms - 11[0m
[0mGET /name?name=ass&name=ahmad [36m304[0m 0.839 ms - -[0m
[0mGET / [36m302[0m 11.154 ms - 56[0m
[0mGET /blogs [36m304[0m 94.954 ms - -[0m
[0mGET /blogs [36m304[0m 74.782 ms - -[0m
[0mGET /blogs/60b38f955e6d9268f3a5acb7 [32m200[0m 62.224 ms - 2635[0m
[0mGET /blogs [36m304[0m 14.156 ms - -[0m
[0mGET /blogs [36m304[0m 54.082 ms - -[0m
[0mGET /blogs/60b38f955e6d9268f3a5acb7 [36m304[0m 13.487 ms - -[0m
[0mGET /blogs/edit/60b38f955e6d9268f3a5acb7 [36m302[0m 16.404 ms - 56[0m
[0mGET /blogs [36m304[0m 10.867 ms - -[0m
[0mGET /register [36m304[0m 6.687 ms - -[0m
[0mPOST /register [32m201[0m 347.997 ms - 254[0m
[0mGET /blogs [32m200[0m 9.414 ms - 3026[0m
[0mGET /blogs/edit/60b38f955e6d9268f3a5acb7 [32m200[0m 30.788 ms - 3721[0m
[0mGET /blogs [36m304[0m 10.834 ms - -[0m
[0mGET /blogs/60b38f955e6d9268f3a5acb7 [32m200[0m 11.427 ms - 3146[0m
[0mGET /blogs [36m304[0m 13.226 ms - -[0m
[0mGET /blogs/60b38362fd58324cc3dc1b49 [36m304[0m 9.902 ms - -[0m
[0mGET /blogs [36m304[0m 12.296 ms - -[0m
[0mGET /blogs/60b38f955e6d9268f3a5acb7 [36m304[0m 13.736 ms - -[0m
[0mGET /blogs [36m304[0m 41.937 ms - -[0m
[0mGET /blogs/60b38f955e6d9268f3a5acb7 [32m200[0m 17.363 ms - 2650[0m
[0mGET /blogs [36m304[0m 12.106 ms - -[0m
[0mGET /blogs/60b38362fd58324cc3dc1b49 [32m200[0m 13.756 ms - 2650[0m
[0mGET /blogs [36m304[0m 11.186 ms - -[0m
[0mGET /blogs/edit/60aa5b43f1db503637828d16?title=amine&snippet=Password&content=const+jwt+%3D+require%28%27jsonwebtoken%27%29%3Bconst+jwt+%3D+require%28%27jsonwebtoken%27%29%3Bconst+jwt+%3D+require%28%27jsonwebtoken%27%29%3Bconst+jwt+%3D+require%28%27jsonwebtoken%27%29%3Bconst+jwt+%3D+require%28%27jsonwebtoken%27%29%3B [31m500[0m 19.345 ms - 2240[0m
[0mGET /blogs/edit/60aa5b43f1db503637828d16 [31m500[0m 12.263 ms - 2240[0m
[0mGET /blogs/edit/60aa5b43f1db503637828d16 [31m500[0m 10.425 ms - 2240[0m
[0mGET /blogs/edit/60b38f955e6d9268f3a5acb7 [36m304[0m 9.495 ms - -[0m
[0mPOST /blogs/edit/60b38f955e6d9268f3a5acb7 [36m302[0m 48.394 ms - 106[0m
[0mGET /blogs/60b38362fd58324cc3dc1b49 [32m200[0m 12.673 ms - 2624[0m
[0mGET /blogs [32m200[0m 25.146 ms - 3001[0m
[0mGET /blogs [36m304[0m 41.077 ms - -[0m
[0mGET /blogs [32m200[0m 21.570 ms - 3001[0m
[0mGET /blogs/60b38362fd58324cc3dc1b49 [32m200[0m 41.047 ms - 2624[0m
[0mGET /blogs/edit/60b38362fd58324cc3dc1b49 [32m200[0m 32.241 ms - 3695[0m
[0mGET /blogs/edit/60b38362fd58324cc3dc1b49 [36m302[0m 37.541 ms - 56[0m
[0mGET /blogs [32m200[0m 58.811 ms - 3001[0m
[0mGET /blogs/60b38f955e6d9268f3a5acb7 [32m200[0m 22.912 ms - 2650[0m
[0mGET /blogs [32m200[0m 15.001 ms - 3001[0m
[0mGET /blogs/60b38362fd58324cc3dc1b49 [32m200[0m 32.328 ms - 2624[0m
[0mGET /blogs/edit/60b38f955e6d9268f3a5acb7 [36m302[0m 10.335 ms - 56[0m
[0mGET /blogs [32m200[0m 14.377 ms - 3001[0m
[0mGET /blogs/edit/60aa5b43f1db503637828d16 [36m302[0m 10.521 ms - 56[0m
[0mGET /blogs [32m200[0m 12.557 ms - 3001[0m
[0mGET /blogs [32m200[0m 51.668 ms - 3001[0m
[0mGET /blogs [32m200[0m 62.059 ms - 3001[0m
[0mGET /blogs/60b38f955e6d9268f3a5acb7 [32m200[0m 45.091 ms - 2650[0m
[0mGET /blogs/edit/60b38f955e6d9268f3a5acb7 [33m403[0m 32.571 ms - 56[0m
[0mGET /blogs [32m200[0m 34.727 ms - 3001[0m
[0mGET /blogs/60b38f955e6d9268f3a5acb7 [32m200[0m 15.982 ms - 2650[0m
[0mGET /blogs [32m200[0m 11.533 ms - 3001[0m
[0mGET /blogs/create [32m200[0m 85.337 ms - 3621[0m
[0mPOST /blogs [36m302[0m 51.361 ms - 56[0m
[0mGET /blogs [32m200[0m 15.445 ms - 3410[0m
[0mGET /blogs/60be2ab53670ac7bacc9df50 [32m200[0m 17.706 ms - 2627[0m
[0mGET /blogs/60be2ab53670ac7bacc9df50 [36m304[0m 14.468 ms - -[0m
[0mGET /blogs/60be2ab53670ac7bacc9df50 [32m200[0m 57.650 ms - 2597[0m
[0mGET /blogs/60be2ab53670ac7bacc9df50 [32m200[0m 9.846 ms - 2627[0m
[0mGET /blogs/60be2ab53670ac7bacc9df50 [36m304[0m 15.810 ms - -[0m
[0mGET /blogs/60be2ab53670ac7bacc9df50 [36m304[0m 9.675 ms - -[0m
[0mGET /blogs/60be2ab53670ac7bacc9df50 [36m304[0m 15.062 ms - -[0m
[0mGET /blogs/60be2ab53670ac7bacc9df50 [32m200[0m 12.373 ms - 3058[0m
[0mGET /blogs [36m304[0m 13.339 ms - -[0m
[0mGET /blogs/60b38f955e6d9268f3a5acb7 [31m500[0m 15.554 ms - 2157[0m
[0mGET /blogs [32m200[0m 17.152 ms - 2565[0m
[0mGET /logout [36m302[0m 4.290 ms - 56[0m
[0mGET /blogs [32m200[0m 8.806 ms - 2594[0m
[0mGET /blogs/60be2ab53670ac7bacc9df50 [32m200[0m 11.374 ms - 2612[0m
[0mGET /blogs [36m304[0m 11.015 ms - -[0m
[0mGET /register [32m200[0m 5.654 ms - 4416[0m
[0mPOST /register [32m201[0m 329.895 ms - 264[0m
[0mGET /blogs [32m200[0m 9.228 ms - 2565[0m
[0mGET /blogs/60be2ab53670ac7bacc9df50 [32m200[0m 14.757 ms - 2627[0m
[0mGET /blogs [36m304[0m 11.723 ms - -[0m
[0mGET /blogs/create [36m304[0m 4.222 ms - -[0m
[0mPOST /blogs [36m302[0m 10.783 ms - 56[0m
[0mGET /blogs [32m200[0m 13.279 ms - 2982[0m
[0mGET /blogs/60be2bd73670ac7bacc9df52 [32m200[0m 10.768 ms - 3087[0m
[0mGET /blogs/edit/60be2bd73670ac7bacc9df52 [33m403[0m 5.322 ms - 56[0m
[0mGET /blogs [36m304[0m 12.592 ms - -[0m
[0mGET /blogs/60be2bd73670ac7bacc9df52 [36m304[0m 8.672 ms - -[0m
[0mGET /blogs/60be2bd73670ac7bacc9df52 [32m200[0m 43.387 ms - 3087[0m
[0mGET /blogs/edit/60be2bd73670ac7bacc9df52 [33m403[0m 27.941 ms - 56[0m
[0mGET /blogs [32m200[0m 31.517 ms - 2982[0m
[0mGET /blogs/60be2bd73670ac7bacc9df52 [32m200[0m 38.526 ms - 3087[0m
[0mGET /blogs/edit/60be2bd73670ac7bacc9df52 [33m403[0m 9.792 ms - 56[0m
[0mGET /blogs [32m200[0m 11.850 ms - 2982[0m
[0mGET /blogs/60be2bd73670ac7bacc9df52 [36m304[0m 11.803 ms - -[0m
[0mGET /blogs/edit/60be2bd73670ac7bacc9df52 [33m403[0m 19.641 ms - 56[0m
[0mGET /blogs [36m304[0m 41.162 ms - -[0m
[0mGET /blogs [36m304[0m 48.930 ms - -[0m
[0mGET /blogs/60be2bd73670ac7bacc9df52 [36m304[0m 17.663 ms - -[0m
[0mGET /blogs/edit/60be2bd73670ac7bacc9df52 [33m403[0m 20.582 ms - 56[0m
[0mGET /blogs [36m304[0m 17.122 ms - -[0m
[0mGET /blogs/60be2bd73670ac7bacc9df52 [36m304[0m 50.708 ms - -[0m
[0mGET /blogs/edit/60be2bd73670ac7bacc9df52 [33m403[0m 16.975 ms - 56[0m
[0mGET /blogs [36m304[0m 19.002 ms - -[0m
[0mGET /blogs/60be2bd73670ac7bacc9df52 [36m304[0m 55.658 ms - -[0m
[0mGET /blogs/edit/60be2bd73670ac7bacc9df52 [33m403[0m 30.657 ms - 56[0m
[0mGET /blogs [36m304[0m 23.998 ms - -[0m
[0mGET /blogs/60be2bd73670ac7bacc9df52 [36m304[0m 46.277 ms - -[0m
[0mGET /blogs/edit/60be2bd73670ac7bacc9df52 [33m403[0m 36.204 ms - 56[0m
[0mGET /blogs [36m304[0m 18.704 ms - -[0m
[0mGET /blogs/60be2bd73670ac7bacc9df52 [36m304[0m 41.456 ms - -[0m
[0mGET /blogs/edit/60be2bd73670ac7bacc9df52 [33m403[0m 23.459 ms - 56[0m
[0mGET /blogs [36m304[0m 25.024 ms - -[0m
[0mGET /blogs [36m304[0m 49.955 ms - -[0m
[0mGET /blogs/60be2bd73670ac7bacc9df52 [36m304[0m 19.075 ms - -[0m
[0mGET /blogs/edit/60be2bd73670ac7bacc9df52 [36m302[0m 20.754 ms - 56[0m
[0mGET /blogs [36m304[0m 13.827 ms - -[0m
[0mGET /blogs [36m304[0m 47.219 ms - -[0m
[0mGET /blogs/60be2bd73670ac7bacc9df52 [36m304[0m 16.782 ms - -[0m
[0mGET /blogs/edit/60be2bd73670ac7bacc9df52 [36m302[0m 18.702 ms - 56[0m
[0mGET /blogs [36m304[0m 12.291 ms - -[0m
[0mGET /blogs/60be2ab53670ac7bacc9df50 [36m304[0m 21.679 ms - -[0m
[0mGET /blogs/edit/60be2ab53670ac7bacc9df50 [36m302[0m 6.823 ms - 56[0m
[0mGET /blogs [36m304[0m 14.354 ms - -[0m
[0mGET /blogs [36m304[0m 48.818 ms - -[0m
[0mGET /blogs/60be2bd73670ac7bacc9df52 [36m304[0m 23.533 ms - -[0m
[0mGET /blogs/edit/60be2bd73670ac7bacc9df52 [36m302[0m 20.384 ms - 56[0m
[0mGET /blogs [36m304[0m 17.404 ms - -[0m
[0mGET /blogs [36m304[0m 50.321 ms - -[0m
[0mGET /blogs/60be2bd73670ac7bacc9df52 [36m304[0m 33.975 ms - -[0m
[0mGET /blogs/edit/60be2bd73670ac7bacc9df52 [36m302[0m 22.036 ms - 56[0m
[0mGET /about [32m200[0m 5.929 ms - 2838[0m
[0mGET /blogs [36m304[0m 14.966 ms - -[0m
[0mGET /blogs/60be2bd73670ac7bacc9df52 [36m304[0m 43.975 ms - -[0m
[0mGET /blogs/edit/60be2bd73670ac7bacc9df52 [36m302[0m 18.183 ms - 56[0m
[0mGET /blogs [36m304[0m 22.496 ms - -[0m
[0mGET /blogs/60be2bd73670ac7bacc9df52 [36m304[0m 22.214 ms - -[0m
[0mGET /blogs/60be2bd73670ac7bacc9df52 [32m200[0m 16.421 ms - 3152[0m
[0mGET /blogs/edit/60be2bd73670ac7bacc9df52 [36m302[0m 8.775 ms - 56[0m
[0mGET /blogs [32m200[0m 20.974 ms - 2982[0m
[0mGET /blogs/60be2bd73670ac7bacc9df52 [32m200[0m 17.268 ms - 3152[0m
[0mDELETE /blogs/60be2bd73670ac7bacc9df52 [32m200[0m 10.715 ms - 21[0m
[0mGET /blogs [32m200[0m 18.586 ms - 2573[0m
[0mGET /blogs/60be2bd73670ac7bacc9df52 [32m200[0m 11.089 ms - 3152[0m
[0mGET /blogs/60be2bd73670ac7bacc9df52 [32m200[0m 76.492 ms - 3152[0m
[0mGET /blogs/edit/60be2bd73670ac7bacc9df52 [36m302[0m 15.649 ms - 56[0m
[0mGET /blogs [32m200[0m 17.998 ms - 2573[0m
[0mGET /blogs/60be2bd73670ac7bacc9df52 [32m200[0m 14.378 ms - 3152[0m
[0mGET /blogs/edit/60be2bd73670ac7bacc9df52 [36m302[0m 9.564 ms - 56[0m
[0mGET /blogs [36m304[0m 13.025 ms - -[0m
[0mGET /blogs/60be2bd73670ac7bacc9df52 [36m304[0m 14.153 ms - -[0m
[0mGET /blogs/60be2bd73670ac7bacc9df52 [36m304[0m 51.958 ms - -[0m
[0mGET /blogs/edit/60be2bd73670ac7bacc9df52 [36m302[0m 19.416 ms - 56[0m
[0mGET /blogs [36m304[0m 15.434 ms - -[0m
[0mGET /blogs [36m304[0m 46.104 ms - -[0m
[0mGET /blogs/60be2bd73670ac7bacc9df52 [36m304[0m 17.475 ms - -[0m
[0mGET /blogs/edit/60be2bd73670ac7bacc9df52 [36m302[0m 19.194 ms - 56[0m
[0mGET /blogs [36m304[0m 18.449 ms - -[0m
[0mGET /blogs [36m304[0m 65.378 ms - -[0m
[0mGET /blogs/60be2bd73670ac7bacc9df52 [36m304[0m 26.331 ms - -[0m
[0mGET /blogs/edit/60be2bd73670ac7bacc9df52 [36m302[0m 14.450 ms - 56[0m
[0mGET /blogs [36m304[0m 17.015 ms - -[0m
[0mGET /blogs [36m304[0m 55.157 ms - -[0m
[0mGET /blogs/60be2bd73670ac7bacc9df52 [36m304[0m 28.575 ms - -[0m
[0mGET /blogs/edit/60be2bd73670ac7bacc9df52 [36m302[0m 13.284 ms - 56[0m
[0mGET /about [36m304[0m 6.705 ms - -[0m
[0mGET /about [36m304[0m 31.642 ms - -[0m
[0mGET /blogs [36m304[0m 23.394 ms - -[0m
[0mGET /blogs/60be2bd73670ac7bacc9df52 [36m304[0m 14.971 ms - -[0m
[0mGET /blogs/edit/60be2bd73670ac7bacc9df52 [36m302[0m 16.110 ms - 56[0m
[0mGET /blogs [36m304[0m 11.227 ms - -[0m
[0mGET /blogs/60be2bd73670ac7bacc9df52 [36m304[0m 59.469 ms - -[0m
[0mGET /blogs/edit/60be2bd73670ac7bacc9df52 [36m302[0m 21.786 ms - 56[0m
[0mGET /blogs [36m304[0m 18.694 ms - -[0m
[0mGET /blogs [36m304[0m 48.226 ms - -[0m
[0mGET /blogs/60be2bd73670ac7bacc9df52 [36m304[0m 23.648 ms - -[0m
[0mGET /blogs/edit/60be2bd73670ac7bacc9df52 [36m302[0m 32.176 ms - 56[0m
[0mGET /blogs [36m304[0m 16.756 ms - -[0m
[0mGET /blogs/60be2bd73670ac7bacc9df52 [36m304[0m 43.579 ms - -[0m
[0mGET /blogs/edit/60be2bd73670ac7bacc9df52 [36m302[0m 29.104 ms - 56[0m
[0mGET /blogs [36m304[0m 22.499 ms - -[0m
[0mGET /blogs/60be2bd73670ac7bacc9df52 [36m304[0m 43.818 ms - -[0m
[0mGET /blogs/edit/60be2bd73670ac7bacc9df52 [36m302[0m 19.026 ms - 56[0m
[0mGET /blogs [36m304[0m 16.751 ms - -[0m
[0mGET /blogs/60be2bd73670ac7bacc9df52 [36m304[0m 58.661 ms - -[0m
[0mGET /blogs/edit/60be2bd73670ac7bacc9df52 [36m302[0m 19.087 ms - 56[0m
[0mGET /blogs [36m304[0m 19.170 ms - -[0m
[0mGET /blogs/60be2bd73670ac7bacc9df52 [36m304[0m 46.881 ms - -[0m
[0mGET /blogs/edit/60be2bd73670ac7bacc9df52 [32m200[0m 21.343 ms - 3727[0m
[0mGET /blogs [36m304[0m 18.844 ms - -[0m
[0mGET /logout [36m302[0m 12.573 ms - 56[0m
[0mGET /blogs [32m200[0m 14.771 ms - 2602[0m
[0mGET /register [32m200[0m 5.265 ms - 4416[0m
[0mPOST /register [33m400[0m 572.571 ms - 82[0m
[0mPOST /register [33m400[0m 325.393 ms - 82[0m
[0mPOST /register [32m201[0m 304.121 ms - 255[0m
[0mGET /blogs [32m200[0m 16.997 ms - 2573[0m
[0mGET /blogs/create [36m304[0m 5.398 ms - -[0m
[0mGET /blogs [36m304[0m 11.665 ms - -[0m
[0mGET /blogs/60be2bd73670ac7bacc9df52 [32m200[0m 12.076 ms - 2656[0m
[0mGET /blogs/edit/60be2bd73670ac7bacc9df52 [36m304[0m 10.716 ms - -[0m
[0mGET /blogs [36m304[0m 10.830 ms - -[0m
[0mGET /blogs/60be2bd73670ac7bacc9df52 [36m304[0m 43.526 ms - -[0m
[0mGET /blogs/edit/60be2bd73670ac7bacc9df52 [36m304[0m 20.067 ms - -[0m
[0mGET /blogs/edit/60be2bd73670ac7bacc9df52 [36m304[0m 76.963 ms - -[0m
[0mGET /blogs/edit/60be2bd73670ac7bacc9df52 [36m304[0m 56.255 ms - -[0m
[0mGET /blogs/60be2bd73670ac7bacc9df52 [36m304[0m 21.076 ms - -[0m
[0mGET /blogs/edit/60be2bd73670ac7bacc9df52 [36m304[0m 14.100 ms - -[0m
[0mGET /blogs/edit/60be2bd73670ac7bacc9df52 [36m302[0m 25.827 ms - 56[0m
[0mGET /blogs [36m304[0m 48.360 ms - -[0m
[0mGET /blogs/60be2bd73670ac7bacc9df52 [36m304[0m 15.151 ms - -[0m
[0mGET /blogs/edit/60be2bd73670ac7bacc9df52 [36m302[0m 6.670 ms - 56[0m
[0mGET /blogs [36m304[0m 15.147 ms - -[0m
[0mGET /blogs [36m304[0m 43.542 ms - -[0m
[0mGET /blogs [36m304[0m 58.045 ms - -[0m
[0mGET /blogs [36m304[0m 67.130 ms - -[0m
[0mGET /blogs [0m-[0m - ms - -[0m
[0mGET /blogs [32m200[0m 40.224 ms - 2573[0m
[0mGET /blogs [31m500[0m 7.904 ms - 2166[0m
[0mGET /blogs [32m200[0m 55.138 ms - 2573[0m
[0mGET /blogs [36m304[0m 57.147 ms - -[0m
[0mGET /blogs [36m304[0m 58.908 ms - -[0m
[0mGET /blogs/60be2bd73670ac7bacc9df52 [36m304[0m 70.595 ms - -[0m
[0mGET /about [36m304[0m 4.912 ms - -[0m
[0mGET /account [32m200[0m 15.813 ms - 5554[0m
[0mGET /blogs [32m200[0m 11.180 ms - 2602[0m
[0mDELETE /account [0m-[0m - ms - -[0m
[0mGET /about [32m200[0m 4.301 ms - 2867[0m
[0mGET /login [36m304[0m 9.133 ms - -[0m
[0mPOST /login [33m400[0m 305.716 ms - 69[0m
[0mPOST /login [33m400[0m 8.165 ms - 66[0m
[0mPOST /login [32m200[0m 294.354 ms - 264[0m
[0mGET / [36m302[0m 10.556 ms - 56[0m
[0mGET /blogs [32m200[0m 15.051 ms - 2573[0m
[0mGET /blogs/60be2bd73670ac7bacc9df52 [32m200[0m 11.370 ms - 3152[0m
[0mDELETE /blogs/60be2bd73670ac7bacc9df52 [32m200[0m 5.334 ms - 21[0m
[0mGET /blogs [32m200[0m 9.843 ms - 2438[0m
[0mGET /blogs [36m304[0m 7.505 ms - -[0m
[0mGET /account [32m200[0m 12.570 ms - 5586[0m
[0mGET /blogs [32m200[0m 7.477 ms - 2467[0m
[0mDELETE /account [0m-[0m - ms - -[0m
[0mGET /blogs [36m304[0m 41.574 ms - -[0m
[0mGET /register [32m200[0m 8.087 ms - 4416[0m
[0mPOST /register [33m400[0m 362.873 ms - 82[0m
[0mPOST /register [33m400[0m 305.840 ms - 78[0m
[0mPOST /register [32m201[0m 309.182 ms - 253[0m
[0mGET /blogs [32m200[0m 12.644 ms - 2438[0m
[0mGET /account [32m200[0m 12.654 ms - 5564[0m
[0mGET /blogs/create [32m200[0m 7.118 ms - 3650[0m
[0mDELETE /account [0m-[0m - ms - -[0m
[0mGET /blogs/create [36m304[0m 4.981 ms - -[0m
[0mGET /blogs [32m200[0m 11.943 ms - 2467[0m
[0mGET /blogs [32m200[0m 9.617 ms - 2467[0m
[0mGET /blogs [32m200[0m 42.800 ms - 2467[0m
[0mGET /blogs [32m200[0m 17.210 ms - 2467[0m
[0mGET /register [32m200[0m 6.607 ms - 4416[0m
[0mPOST /register [33m400[0m 354.459 ms - 82[0m
[0mPOST /register [33m400[0m 299.030 ms - 78[0m
[0mPOST /register [32m201[0m 312.348 ms - 253[0m
[0mGET /blogs [32m200[0m 15.375 ms - 2438[0m
[0mGET /account [32m200[0m 14.096 ms - 5564[0m
[0mDELETE /account [36m302[0m 19.101 ms - 28[0m
[0mGET / [36m302[0m 2.112 ms - 56[0m
[0mGET /blogs [32m200[0m 25.657 ms - 2467[0m
[0mGET /blogs [32m200[0m 57.636 ms - 2467[0m
[0mGET /register [32m200[0m 11.668 ms - 4416[0m
[0mPOST /register [32m201[0m 362.854 ms - 253[0m
[0mGET /blogs [32m200[0m 15.099 ms - 2438[0m
[0mGET /account [32m200[0m 19.948 ms - 5564[0m
[0mGET /account [32m200[0m 42.341 ms - 5564[0m
[0mDELETE /account [36m302[0m 18.728 ms - 28[0m
[0mGET /account [36m302[0m 2.174 ms - 56[0m
[0mGET /blogs [32m200[0m 18.057 ms - 2467[0m
[0mGET /register [32m200[0m 6.772 ms - 4416[0m
[0mPOST /register [32m201[0m 342.789 ms - 251[0m
[0mGET /blogs [32m200[0m 11.904 ms - 2438[0m
[0mGET /account [32m200[0m 11.150 ms - 5538[0m
[0mDELETE /account [36m302[0m 10.413 ms - 28[0m
[0mGET /account [36m302[0m 1.178 ms - 56[0m
[0mGET /blogs [32m200[0m 10.443 ms - 2467[0m
[0mGET /blogs [32m200[0m 12.203 ms - 2467[0m
[0mGET /register [32m200[0m 5.758 ms - 4416[0m
[0mPOST /register [32m201[0m 299.465 ms - 253[0m
[0mGET /blogs [32m200[0m 10.322 ms - 2438[0m
[0mGET /account [32m200[0m 11.791 ms - 5532[0m
[0mGET /account [32m200[0m 14.608 ms - 5548[0m
[0mDELETE /account [36m302[0m 4.982 ms - 28[0m
[0mGET /account [36m302[0m 1.515 ms - 56[0m
[0mGET /blogs [32m200[0m 11.299 ms - 2467[0m
[0mGET /blogs [32m200[0m 76.543 ms - 2467[0m
[0mGET /register [32m200[0m 11.945 ms - 4416[0m
[0mPOST /register [32m201[0m 353.918 ms - 253[0m
[0mGET /blogs [32m200[0m 12.241 ms - 2438[0m
[0mGET /account [32m200[0m 20.107 ms - 5542[0m
[0mDELETE /account [32m200[0m 14.194 ms - 16[0m
[0mDELETE /account [36m302[0m 8.344 ms - 28[0m
[0mDELETE /account [36m302[0m 9.735 ms - 28[0m
[0mGET /account [36m302[0m 3.199 ms - 56[0m
[0mGET /blogs [32m200[0m 66.213 ms - 2467[0m
[0mGET /blogs [32m200[0m 12.731 ms - 2467[0m
[0mGET /register [32m200[0m 6.141 ms - 4416[0m
[0mPOST /register [32m201[0m 355.653 ms - 253[0m
[0mGET /blogs [32m200[0m 9.561 ms - 2438[0m
[0mGET /account [32m200[0m 15.227 ms - 5542[0m
[0mDELETE /account [32m200[0m 11.780 ms - 21[0m
[0mGET /blogs [32m200[0m 17.106 ms - 2467[0m
[0mGET /blogs [36m304[0m 67.906 ms - -[0m
[0mGET /register [32m200[0m 11.458 ms - 4416[0m
[0mPOST /register [32m201[0m 366.531 ms - 264[0m
[0mGET /blogs [32m200[0m 11.642 ms - 2438[0m
[0mGET /blogs/create [32m200[0m 9.775 ms - 3621[0m
[0mPOST /blogs [36m302[0m 19.404 ms - 70[0m
[0mGET /blogs/create [36m304[0m 7.715 ms - -[0m
[0mGET /blogs [32m200[0m 11.784 ms - 2768[0m
[0mGET /blogs/60be59f27f2e3b0db721bd85 [32m200[0m 14.659 ms - 4311[0m
[0mGET /blogs [36m304[0m 8.988 ms - -[0m
[0mGET /blogs [36m304[0m 58.954 ms - -[0m
[0mGET /blogs [36m304[0m 22.957 ms - -[0m
[0mGET /blogs/60be59f27f2e3b0db721bd85 [36m304[0m 18.646 ms - -[0m
[0mDELETE /blogs/60be59f27f2e3b0db721bd85 [32m200[0m 10.952 ms - 21[0m
[0mGET /blogs [32m200[0m 11.003 ms - 2438[0m
[0mGET /blogs/create [36m304[0m 8.988 ms - -[0m
[0mPOST /blogs [36m302[0m 48.854 ms - 70[0m
[0mGET /blogs/create [36m304[0m 9.836 ms - -[0m
[0mGET /blogs [32m200[0m 10.764 ms - 2551[0m
[0mGET /blogs/60be5a4102a2af151204c99b [32m200[0m 13.499 ms - 3430[0m
[0mDELETE /blogs/60be5a4102a2af151204c99b [32m200[0m 17.647 ms - 21[0m
[0mGET /blogs [32m200[0m 34.926 ms - 2438[0m
[0mGET /blogs [36m304[0m 40.160 ms - -[0m
[0mGET /blogs/create [36m304[0m 8.161 ms - -[0m
[0mPOST /blogs [36m302[0m 61.073 ms - 70[0m
[0mGET /blogs/create [36m304[0m 5.161 ms - -[0m
[0mGET /blogs [32m200[0m 56.649 ms - 2573[0m
[0mGET /blogs/60be5abe63f48b1f8f15e66f [32m200[0m 16.586 ms - 3452[0m
[0mDELETE /blogs/60be5abe63f48b1f8f15e66f [32m200[0m 16.949 ms - 21[0m
[0mGET /blogs [32m200[0m 11.452 ms - 2438[0m
[0mGET /blogs/create [36m304[0m 9.506 ms - -[0m
[0mPOST /blogs [36m302[0m 56.658 ms - 70[0m
[0mGET /blogs/create [36m304[0m 5.010 ms - -[0m
[0mPOST /blogs [36m302[0m 65.033 ms - 70[0m
[0mGET /blogs/create [36m304[0m 34.321 ms - -[0m
[0mPOST /blogs [36m302[0m 65.582 ms - 56[0m
[0mGET /blogs [32m200[0m 45.783 ms - 3591[0m
[0mGET /blogs/60be5ae3d55f0522e5e6c899 [32m200[0m 42.045 ms - 3442[0m
[0mDELETE /blogs/60be5ae3d55f0522e5e6c899 [32m200[0m 12.752 ms - 21[0m
[0mGET /blogs [32m200[0m 17.750 ms - 3184[0m
[0mGET /blogs/60be5b1843f3fa285f1c0eae [32m200[0m 15.982 ms - 3656[0m
[0mDELETE /blogs/60be5b1843f3fa285f1c0eae [32m200[0m 9.270 ms - 21[0m
[0mGET /blogs [32m200[0m 13.156 ms - 2563[0m
[0mGET /blogs/60be5b41269be72bca1d5293 [32m200[0m 11.110 ms - 3442[0m
[0mDELETE /blogs/60be5b41269be72bca1d5293 [32m200[0m 5.511 ms - 21[0m
[0mGET /blogs [32m200[0m 10.047 ms - 2438[0m
[0mGET /blogs/create [36m304[0m 7.215 ms - -[0m
[0mPOST /blogs [36m302[0m 84.247 ms - 56[0m
[0mGET /blogs [32m200[0m 11.403 ms - 2573[0m
[0mGET /blogs/60be5be6ea515337fd2f1b99 [32m200[0m 44.681 ms - 3452[0m
[0mDELETE /blogs/60be5be6ea515337fd2f1b99 [32m200[0m 11.372 ms - 21[0m
[0mGET /blogs [32m200[0m 15.665 ms - 2438[0m
[0mGET /blogs/create [36m304[0m 7.028 ms - -[0m
[0mPOST /blogs [36m302[0m 81.458 ms - 56[0m
[0mGET /blogs [32m200[0m 30.677 ms - 2892[0m
[0mGET /blogs/60be5c1cb6e7c93ce700ad15 [32m200[0m 12.792 ms - 3771[0m
[0mDELETE /blogs/60be5c1cb6e7c93ce700ad15 [32m200[0m 7.768 ms - 21[0m
[0mGET /blogs [32m200[0m 11.095 ms - 2438[0m
[0mGET /blogs [36m304[0m 53.106 ms - -[0m
[0mGET /blogs/create [36m304[0m 9.097 ms - -[0m
[0mPOST /blogs [36m302[0m 61.376 ms - 56[0m
[0mGET /blogs [32m200[0m 23.459 ms - 2573[0m
[0mGET /blogs/60be5c7d602e2944d7abf201 [32m200[0m 15.482 ms - 3452[0m
[0mDELETE /blogs/60be5c7d602e2944d7abf201 [32m200[0m 18.240 ms - 21[0m
[0mGET /blogs [32m200[0m 32.008 ms - 2438[0m
[0mGET /blogs [36m304[0m 43.597 ms - -[0m
[0mGET /account [32m200[0m 29.264 ms - 5542[0m
[0mGET /account [36m304[0m 63.261 ms - -[0m
[0mGET / [36m302[0m 13.276 ms - 56[0m
[0mGET /blogs [32m200[0m 36.990 ms - 2467[0m
[0mGET /blogs [36m304[0m 20.243 ms - -[0m
[0mGET /about [36m304[0m 5.569 ms - -[0m
[0mGET /blogs [36m304[0m 12.055 ms - -[0m
[0mGET /login [32m200[0m 7.045 ms - 3754[0m
[0mGET /register [32m200[0m 5.773 ms - 4416[0m
[0mGET /about [36m304[0m 4.837 ms - -[0m
[0mGET /login [36m304[0m 5.292 ms - -[0m
[0mGET /register [36m304[0m 8.735 ms - -[0m
[0mGET /register [36m304[0m 33.565 ms - -[0m
[0mGET /register [31m500[0m 470.568 ms - 2278[0m
[0mGET /404 [33m404[0m 48.378 ms - 2609[0m
[0mGET /404 [33m404[0m 35.902 ms - 2524[0m
[0mGET /404 [33m404[0m 52.949 ms - 2524[0m
[0mGET /404 [33m404[0m 73.292 ms - 3070[0m
[0mGET /404 [33m404[0m 268.477 ms - 1900[0m
[0mGET /404 [33m404[0m 204.318 ms - 1902[0m
[0mGET /404 [33m404[0m 88.189 ms - 3078[0m
[0mGET /404 [33m404[0m 482.746 ms - 1905[0m
[0mGET /404 [33m404[0m 161.224 ms - 1908[0m
[0mGET /about [32m200[0m 139.838 ms - 2360[0m
[0mGET /register [32m200[0m 359.282 ms - 2894[0m
[0mGET /register [32m200[0m 266.692 ms - 2894[0m
[0mGET /register [36m304[0m 183.209 ms - -[0m
[0mGET /register [36m304[0m 165.663 ms - -[0m
[0mGET /register [32m200[0m 150.558 ms - 2933[0m
[0mPOST /register [32m201[0m 370.004 ms - 255[0m
[0mGET /blogs [31m500[0m 16.839 ms - 746[0m
[0mGET /register [32m200[0m 144.419 ms - 2920[0m
[0mGET /about [32m200[0m 118.108 ms - 2347[0m
[0mGET /blogs/create [31m500[0m 4.047 ms - 2249[0m
[0mGET /blogs [31m500[0m 5.112 ms - 746[0m
[0mGET /logout [36m302[0m 10.157 ms - 56[0m
[0mGET /blogs [31m500[0m 5.458 ms - 746[0m
[0mGET /logout [36m302[0m 0.918 ms - 56[0m
[0mGET /blogs [31m500[0m 7.601 ms - 746[0m
[0mGET /logout [36m302[0m 1.488 ms - 56[0m
[0mGET /blogs [31m500[0m 7.474 ms - 746[0m
[0mGET /home [33m404[0m 108.839 ms - 1908[0m
[0mGET /login [32m200[0m 153.606 ms - 2618[0m
[0mGET / [36m302[0m 0.836 ms - 56[0m
[0mGET /blogs [31m500[0m 6.873 ms - 746[0m
[0mGET /blogs [31m500[0m 7.709 ms - 746[0m
[0mGET /login [32m200[0m 149.074 ms - 2618[0m
[0mPOST /login [33m400[0m 303.511 ms - 69[0m
[0mPOST /login [33m400[0m 307.388 ms - 69[0m
[0mGET /register [32m200[0m 113.087 ms - 2933[0m
[0mPOST /register [32m201[0m 294.265 ms - 252[0m
[0mGET /blogs [31m500[0m 4.788 ms - 746[0m
[0mGET /register [32m200[0m 155.886 ms - 2920[0m
[0mGET /account [32m200[0m 459.930 ms - 3417[0m
[0mGET /account [32m200[0m 380.476 ms - 3417[0m
[0mGET /account [32m200[0m 266.088 ms - 3556[0m
[0mGET /account [32m200[0m 511.800 ms - 3556[0m
[0mGET /account [32m200[0m 346.406 ms - 3556[0m
[0mGET /account [32m200[0m 292.315 ms - 3576[0m
[0mGET /account [32m200[0m 221.885 ms - 3575[0m
[0mGET /account [32m200[0m 185.871 ms - 3620[0m
[0mGET /account [31m500[0m 32.257 ms - 3265[0m
[0mGET /account [31m500[0m 21.491 ms - 3265[0m
[0mGET /account [32m200[0m 250.690 ms - 3620[0m
[0mGET /account [32m200[0m 290.839 ms - 3612[0m
[0mGET /account [32m200[0m 557.882 ms - 3616[0m
[0mGET /account [32m200[0m 200.616 ms - 3616[0m
[0mGET /account [32m200[0m 266.268 ms - 3616[0m
[0mGET /blogs/create [32m200[0m 134.825 ms - 2602[0m
[0mGET /blogs/create [32m200[0m 125.774 ms - 2627[0m
[0mGET /blogs [31m500[0m 11.728 ms - 746[0m
[0mGET /blogs [31m500[0m 7.953 ms - 746[0m
[0mGET /blogs [31m500[0m 4.657 ms - 746[0m
[0mGET /blogs [31m500[0m 4.900 ms - 746[0m
[0mGET /blogs [31m500[0m 1421.835 ms - 2902[0m
[0mGET /blogs [32m200[0m 377.390 ms - 1931[0m
[0mGET /blogs [32m200[0m 443.594 ms - 1931[0m
[0mGET /blogs [32m200[0m 610.592 ms - 1922[0m
[0mGET /blogs/create [36m304[0m 324.760 ms - -[0m
[0mGET /account [36m304[0m 311.076 ms - -[0m
[0mGET /blogs [36m304[0m 146.643 ms - -[0m
[0mGET /about [32m200[0m 148.927 ms - 2347[0m
[0mGET / [36m302[0m 12.202 ms - 56[0m
[0mGET /blogs [36m304[0m 167.625 ms - -[0m
[0mGET /logout [36m302[0m 4.809 ms - 56[0m
[0mGET /blogs [32m200[0m 125.016 ms - 1935[0m
[0mGET /register [32m200[0m 110.517 ms - 2933[0m
[0mGET /login [32m200[0m 107.430 ms - 2618[0m
[0mPOST /login [32m200[0m 347.431 ms - 252[0m
[0mGET / [36m302[0m 10.786 ms - 56[0m
[0mGET /blogs [32m200[0m 857.612 ms - 1922[0m
[0mGET /blogs/create [36m304[0m 229.885 ms - -[0m
[0mGET /blogs [36m304[0m 295.038 ms - -[0m
[0mGET /blogs/create [36m304[0m 261.176 ms - -[0m
[0mPOST /blogs [36m302[0m 40.318 ms - 56[0m
[0mGET /blogs [32m200[0m 184.994 ms - 1970[0m
[0mGET /blogs/60bf94970239b61985b430f9 [31m500[0m 27.145 ms - 2868[0m
[0mGET /blogs/60bf94970239b61985b430f9 [31m500[0m 109.410 ms - 2105[0m
[0mGET /blogs/60bf94970239b61985b430f9 [32m200[0m 165.886 ms - 2365[0m
[0mGET /blogs [36m304[0m 157.562 ms - -[0m
[0mGET /logout [36m302[0m 2.236 ms - 56[0m
[0mGET /blogs [32m200[0m 143.535 ms - 1983[0m
[0mGET /blogs/60bf94970239b61985b430f9 [32m200[0m 141.055 ms - 2111[0m
[0mGET /blogs [36m304[0m 94.340 ms - -[0m
[0mGET /blogs/60bf94970239b61985b430f9 [36m304[0m 135.070 ms - -[0m
[0mGET /blogs [36m304[0m 120.026 ms - -[0m
[0mGET /blogs [32m200[0m 130.720 ms - 1984[0m
[0mGET /about [32m200[0m 118.447 ms - 2361[0m
[0mGET /blogs [36m304[0m 151.674 ms - -[0m
[0mGET /login [32m200[0m 167.517 ms - 2619[0m
[0mGET /register [32m200[0m 159.658 ms - 2934[0m
[0mGET /register [36m304[0m 140.664 ms - -[0m
[0mGET /blogs [36m304[0m 158.940 ms - -[0m
[0mGET /blogs [32m200[0m 94.735 ms - 1984[0m
[0mGET /blogs [31m500[0m 17.933 ms - 2844[0m
[0mGET /blogs [32m200[0m 153.597 ms - 1984[0m
[0mGET /blogs [32m200[0m 114.601 ms - 1982[0m
[0mGET /blogs [32m200[0m 134.222 ms - 1982[0m
[0mGET /blogs/60bf94970239b61985b430f9 [31m500[0m 12.422 ms - 2892[0m
[0mGET /blogs/60bf94970239b61985b430f9 [32m200[0m 126.193 ms - 2125[0m
[0mGET /blogs/60bf94970239b61985b430f9 [32m200[0m 135.862 ms - 2130[0m
[0mGET /blogs/60bf94970239b61985b430f9 [32m200[0m 402.124 ms - 2130[0m
[0mGET /about [32m200[0m 267.200 ms - 2363[0m
[0mGET /login [32m200[0m 212.466 ms - 2619[0m
[0mGET /register [32m200[0m 160.206 ms - 2934[0m
[0mGET /blogs [32m200[0m 317.567 ms - 1982[0m
[0mGET /blogs/60bf94970239b61985b430f9 [36m304[0m 214.094 ms - -[0m
[0mGET /login [32m200[0m 957.304 ms - 2619[0m
[0mPOST /login [32m200[0m 326.259 ms - 252[0m
[0mGET / [36m302[0m 21.412 ms - 56[0m
[0mGET /blogs [32m200[0m 230.879 ms - 1969[0m
[0mGET / [36m302[0m 1.498 ms - 56[0m
[0mGET /blogs [36m304[0m 316.556 ms - -[0m
[0mGET / [36m302[0m 12.402 ms - 56[0m
[0mGET /blogs [36m304[0m 889.912 ms - -[0m
[0mGET /blogs/60bf94970239b61985b430f9 [32m200[0m 883.613 ms - 2384[0m
[0mGET /blogs/edit/60bf94970239b61985b430f9 [36m302[0m 17.586 ms - 56[0m
[0mGET /blogs [36m304[0m 228.728 ms - -[0m
[0mGET /blogs/60bf94970239b61985b430f9 [36m304[0m 940.160 ms - -[0m
[0mGET /blogs/edit/60bf94970239b61985b430f9 [36m302[0m 43.776 ms - 56[0m
[0mGET /blogs [36m304[0m 1079.472 ms - -[0m
[0mGET /blogs/edit/60bf94970239b61985b430f9 [36m302[0m 31.439 ms - 56[0m
[0mGET /blogs [36m304[0m 964.737 ms - -[0m
[0mGET /blogs/60bf94970239b61985b430f9 [36m304[0m 1166.627 ms - -[0m
[0mGET /blogs/edit/60bf94970239b61985b430f9 [36m302[0m 37.906 ms - 56[0m
[0mGET /blogs [36m304[0m 285.521 ms - -[0m
[0mGET /blogs/60bf94970239b61985b430f9 [36m304[0m 810.252 ms - -[0m
[0mGET /blogs/edit/60bf94970239b61985b430f9 [36m302[0m 26.565 ms - 56[0m
[0mGET /blogs [36m304[0m 248.804 ms - -[0m
[0mGET /blogs/60bf94970239b61985b430f9 [36m304[0m 1056.457 ms - -[0m
[0mGET /blogs/edit/60bf94970239b61985b430f9 [36m302[0m 35.182 ms - 56[0m
[0mGET /blogs [36m304[0m 277.157 ms - -[0m
[0mGET /blogs/edit/60bf94970239b61985b430f9 [36m302[0m 77.691 ms - 56[0m
[0mGET /blogs [36m304[0m 1078.197 ms - -[0m
[0mGET /blogs/60bf94970239b61985b430f9 [36m304[0m 1367.341 ms - -[0m
[0mGET /blogs/edit/60bf94970239b61985b430f9 [36m302[0m 32.752 ms - 56[0m
[0mGET /blogs [36m304[0m 264.851 ms - -[0m
[0mGET /blogs/60bf94970239b61985b430f9 [36m304[0m 1255.374 ms - -[0m
[0mGET /blogs/edit/60bf94970239b61985b430f9 [36m302[0m 36.947 ms - 56[0m
[0mGET /blogs [36m304[0m 330.698 ms - -[0m
[0mGET /blogs/60bf94970239b61985b430f9 [36m304[0m 1004.573 ms - -[0m
[0mGET /blogs/edit/60bf94970239b61985b430f9 [36m302[0m 45.513 ms - 56[0m
[0mGET /blogs [36m304[0m 279.305 ms - -[0m
[0mGET /blogs/60bf94970239b61985b430f9 [36m304[0m 380.634 ms - -[0m
[0mGET /blogs/edit/60bf94970239b61985b430f9 [36m302[0m 31.884 ms - 56[0m
[0mGET /blogs [36m304[0m 221.594 ms - -[0m
[0mGET /blogs/60bf94970239b61985b430f9 [36m304[0m 1001.198 ms - -[0m
[0mGET /blogs/edit/60bf94970239b61985b430f9 [36m302[0m 44.129 ms - 56[0m
[0mGET /blogs [36m304[0m 230.397 ms - -[0m
[0mGET /blogs/60bf94970239b61985b430f9 [36m304[0m 343.019 ms - -[0m
[0mGET /blogs/edit/60bf94970239b61985b430f9 [36m302[0m 30.528 ms - 56[0m
[0mGET /blogs [36m304[0m 294.449 ms - -[0m
[0mGET /blogs/60bf94970239b61985b430f9 [36m304[0m 244.703 ms - -[0m
[0mGET /blogs/edit/60bf94970239b61985b430f9 [36m302[0m 33.562 ms - 56[0m
[0mGET /blogs [36m304[0m 240.754 ms - -[0m
[0mGET /blogs/60bf94970239b61985b430f9 [36m304[0m 256.970 ms - -[0m
[0mGET /blogs/edit/60bf94970239b61985b430f9 [36m302[0m 28.237 ms - 56[0m
[0mGET /blogs [36m304[0m 155.774 ms - -[0m
[0mGET /blogs [36m304[0m 179.880 ms - -[0m
[0mGET /blogs/60bf94970239b61985b430f9 [36m304[0m 171.165 ms - -[0m
[0mGET /blogs/edit/60bf94970239b61985b430f9 [36m302[0m 50.897 ms - 56[0m
[0mGET /blogs [36m304[0m 132.774 ms - -[0m
[0mGET /blogs [36m304[0m 112.020 ms - -[0m
[0mGET /blogs/60bf94970239b61985b430f9 [36m304[0m 135.137 ms - -[0m
[0mGET /blogs/edit/60bf94970239b61985b430f9 [36m302[0m 24.143 ms - 56[0m
[0mGET /blogs [36m304[0m 93.053 ms - -[0m
[0mGET /blogs/60bf94970239b61985b430f9 [36m304[0m 121.499 ms - -[0m
[0mGET /blogs/edit/60bf94970239b61985b430f9 [36m302[0m 58.126 ms - 56[0m
[0mGET /blogs [36m304[0m 153.038 ms - -[0m
[0mGET /blogs/60bf94970239b61985b430f9 [36m304[0m 131.062 ms - -[0m
[0mGET /blogs/edit/60bf94970239b61985b430f9 [36m302[0m 31.508 ms - 56[0m
[0mGET /blogs [36m304[0m 104.456 ms - -[0m
[0mGET /blogs/60bf94970239b61985b430f9 [36m304[0m 107.062 ms - -[0m
[0mGET /blogs/edit/60bf94970239b61985b430f9 [36m302[0m 24.653 ms - 56[0m
[0mGET /blogs [36m304[0m 104.626 ms - -[0m
[0mGET /blogs/60bf94970239b61985b430f9 [36m304[0m 172.638 ms - -[0m
[0mGET /blogs/edit/60bf94970239b61985b430f9 [33m403[0m 177.167 ms - 2761[0m
[0mGET /blogs [36m304[0m 295.304 ms - -[0m
[0mGET /blogs/create [32m200[0m 1145.836 ms - 2628[0m
[0mGET /account [32m200[0m 416.099 ms - 3617[0m
[0mGET /blogs [36m304[0m 233.377 ms - -[0m
[0mGET /blogs [36m304[0m 1008.067 ms - -[0m
[0mGET /blogs [36m304[0m 266.020 ms - -[0m
[0mGET /account [32m200[0m 1164.386 ms - 3647[0m
[0mGET /account [32m200[0m 505.426 ms - 3647[0m
[0mGET /account [32m200[0m 1096.740 ms - 3647[0m
[0mGET /account [32m200[0m 268.835 ms - 2998[0m
[0mPATCH /account [33m400[0m 20.274 ms - 51[0m
[0mGET /account [32m200[0m 1014.968 ms - 2998[0m
[0mPATCH /account [33m400[0m 17.439 ms - 51[0m
[0mGET /account [32m200[0m 972.873 ms - 2998[0m
[0mGET /account [32m200[0m 449.511 ms - 3647[0m
[0mGET /account [32m200[0m 1045.312 ms - 3647[0m
[0mGET /account [32m200[0m 396.356 ms - 3647[0m
[0mGET /logout [36m302[0m 65.906 ms - 56[0m
[0mGET /blogs [32m200[0m 219.079 ms - 1982[0m
[0mGET /register [32m200[0m 286.905 ms - 2934[0m
[0mPOST /register [33m400[0m 375.717 ms - 82[0m
[0mPOST /register [32m201[0m 313.594 ms - 291[0m
[0mGET /blogs [32m200[0m 183.440 ms - 1969[0m
[0mGET /account [32m200[0m 274.969 ms - 3681[0m
[0mGET /account [32m200[0m 1224.321 ms - 3681[0m
[0mPOST /account [33m400[0m 18.629 ms - 51[0m
[0mPOST /account [33m400[0m 6.345 ms - 51[0m
[0mGET /account [32m200[0m 489.662 ms - 3681[0m
[0mGET /account [32m200[0m 382.348 ms - 3681[0m
[0mPOST /account [33m400[0m 6.311 ms - 51[0m
[0mGET /account [32m200[0m 1025.638 ms - 3681[0m
[0mPOST /account [33m400[0m 19.050 ms - 51[0m
[0mPOST /account [33m400[0m 37.786 ms - 51[0m
[0mGET /account [32m200[0m 2052.384 ms - 3681[0m
[0mPOST /account [32m200[0m 727.452 ms - 337[0m
[0mGET /account [32m200[0m 436.086 ms - 3679[0m
[0mGET /account [32m200[0m 405.796 ms - 3837[0m
[0mGET /account [32m200[0m 284.716 ms - 3837[0m
[0mGET /account [32m200[0m 326.276 ms - 3837[0m
[0mGET /account [32m200[0m 279.924 ms - 3812[0m
[0mGET /account [32m200[0m 278.433 ms - 3814[0m
[0mGET /account [32m200[0m 318.265 ms - 3812[0m
[0mGET /account [32m200[0m 267.202 ms - 3812[0m
[0mGET /account [32m200[0m 171.934 ms - 3831[0m
[0mGET /account [32m200[0m 206.571 ms - 3831[0m
[0mGET /account [32m200[0m 289.447 ms - 3831[0m
[0mGET /account [32m200[0m 256.010 ms - 3831[0m
[0mGET /account [32m200[0m 227.952 ms - 3831[0m
[0mGET /account [32m200[0m 211.728 ms - 3831[0m
[0mGET /account [32m200[0m 211.151 ms - 3831[0m
[0mGET /account [32m200[0m 170.427 ms - 3836[0m
[0mGET /account [32m200[0m 176.468 ms - 3836[0m
[0mGET /account [32m200[0m 209.334 ms - 3836[0m
[0mGET /account [32m200[0m 232.626 ms - 3836[0m
[0mGET /robots.txt [33m404[0m 71.772 ms - 1896[0m
[0mGET /account [32m200[0m 147.137 ms - 3836[0m
[0mGET /account [32m200[0m 149.043 ms - 3836[0m
[0mGET /account [32m200[0m 273.619 ms - 3836[0m
[0mGET /account [32m200[0m 1268.894 ms - 4135[0m
[0mGET /account [32m200[0m 469.674 ms - 4135[0m
[0mPOST /account [33m400[0m 352.274 ms - 69[0m
[0mPOST /account [33m400[0m 302.410 ms - 69[0m
[0mPOST /account [33m400[0m 294.904 ms - 69[0m
[0mPOST /account [32m200[0m 641.910 ms - 337[0m
[0mGET /account [32m200[0m 1071.385 ms - 4135[0m
[0mGET /account [32m200[0m 1227.497 ms - 3965[0m
[0mPOST /account [33m400[0m 349.000 ms - 69[0m
[0mPOST /account [33m400[0m 308.762 ms - 69[0m
[0mGET /account [32m200[0m 446.251 ms - 3965[0m
[0mGET /account [32m200[0m 1065.436 ms - 3965[0m
[0mPOST /account [32m200[0m 437.353 ms - 336[0m
[0mPOST /account [32m200[0m 351.079 ms - 336[0m
[0mPOST /account [32m200[0m 379.714 ms - 336[0m
[0mGET /account [32m200[0m 487.082 ms - 3963[0m
[0mPOST /account [31m500[0m 61.926 ms - 235[0m
[0mGET /account [32m200[0m 1222.150 ms - 3963[0m
[0mPOST /account [32m200[0m 380.542 ms - 336[0m
[0mGET /account [32m200[0m 1329.590 ms - 3963[0m
[0mPOST /account [32m200[0m 396.487 ms - 336[0m
[0mGET /account [32m200[0m 451.235 ms - 3963[0m
[0mPOST /account [32m200[0m 407.842 ms - 336[0m
[0mGET /account [32m200[0m 458.031 ms - 3963[0m
[0mGET /account [36m304[0m 2461.465 ms - -[0m
[0mPOST /account [32m200[0m 404.634 ms - 373[0m
[0mGET /account [32m200[0m 399.380 ms - 4000[0m
[0mGET /account [36m304[0m 1101.744 ms - -[0m
[0mPOST /account [32m200[0m 401.762 ms - 373[0m
[0mGET /account [32m200[0m 569.150 ms - 4000[0m
[0mGET /account [36m304[0m 1123.917 ms - -[0m
[0mPOST /account [36m302[0m 484.052 ms - 60[0m
[0mGET /account [32m200[0m 350.462 ms - 4000[0m
[0mGET /account [36m304[0m 469.755 ms - -[0m
[0mPOST /account [36m302[0m 344.360 ms - 60[0m
[0mGET /account [32m200[0m 342.503 ms - 4000[0m
[0mGET /account [32m200[0m 1218.148 ms - 3381[0m
[0mPOST /account [36m302[0m 358.640 ms - 30[0m
[0mPOST /account [36m302[0m 319.931 ms - 30[0m
[0mGET /account [32m200[0m 378.843 ms - 3351[0m
[0mGET /account [32m200[0m 389.416 ms - 3134[0m
[0mPOST /account [36m302[0m 311.951 ms - 30[0m
[0mGET /account [32m200[0m 1296.581 ms - 3134[0m
[0mGET /account [32m200[0m 379.217 ms - 3351[0m
[0mPOST /account [36m302[0m 539.450 ms - 30[0m
[0mGET /account [32m200[0m 1246.158 ms - 3351[0m
[0mGET /account [36m304[0m 350.153 ms - -[0m
[0mGET /account [32m200[0m 447.993 ms - 3351[0m
[0mGET /account [32m200[0m 1361.119 ms - 3351[0m
[0mPOST /account [36m302[0m 409.078 ms - 30[0m
[0mGET /account [32m200[0m 329.929 ms - 3351[0m
[0mPOST /account [36m302[0m 346.495 ms - 30[0m
[0mGET /account [32m200[0m 455.978 ms - 3331[0m
[0mGET /account [36m304[0m 1277.331 ms - -[0m
[0mPOST /account [36m302[0m 409.379 ms - 30[0m
[0mGET /account [32m200[0m 1681.006 ms - 3341[0m
[0mGET /account [32m200[0m 1319.887 ms - 3341[0m
[0mGET /account [32m200[0m 553.552 ms - 3341[0m
[0mGET /account [36m304[0m 295.064 ms - -[0m
[0mPOST /account [0m-[0m - ms - -[0m
[0mGET /account [32m200[0m 239.482 ms - 3341[0m
[0mPOST /account [0m-[0m - ms - -[0m
[0mGET /account [32m200[0m 1109.549 ms - 3341[0m
[0mGET /account [32m200[0m 335.588 ms - 3341[0m
[0mGET /account [32m200[0m 318.435 ms - 3341[0m
[0mGET / [36m302[0m 16.839 ms - 56[0m
[0mGET /blogs [32m200[0m 261.782 ms - 1969[0m
[0mGET /blogs [32m200[0m 955.984 ms - 1969[0m
[0mGET /blogs [32m200[0m 331.896 ms - 1840[0m
[0mGET /blogs [32m200[0m 293.668 ms - 1835[0m
[0mGET /public/assets/images/default.jpg [33m404[0m 283.606 ms - 1762[0m
[0mGET /blogs [32m200[0m 174.443 ms - 1795[0m
[0mGET /blogs [32m200[0m 250.402 ms - 1802[0m
[0mGET /blogs [32m200[0m 176.670 ms - 1802[0m
[0mGET /blogs/60bf94970239b61985b430f9 [32m200[0m 261.098 ms - 1950[0m
[0mGET /blogs [32m200[0m 204.139 ms - 1802[0m
[0mGET /blogs [32m200[0m 122.375 ms - 1802[0m
[0mGET /account [32m200[0m 291.059 ms - 3367[0m
[0mGET /account [36m304[0m 405.957 ms - -[0m
[0mPOST /account [0m-[0m - ms - -[0m
[0mGET /account [32m200[0m 295.057 ms - 3367[0m
[0mPOST /account [0m-[0m - ms - -[0m
[0mGET /account [32m200[0m 267.917 ms - 3314[0m
[0mGET /account [32m200[0m 208.487 ms - 3532[0m
[0mGET /account [32m200[0m 182.171 ms - 3484[0m
[0mGET /account [32m200[0m 291.979 ms - 3314[0m
[0mGET /account [32m200[0m 1023.326 ms - 3390[0m
[0mGET /account [32m200[0m 700.000 ms - 3325[0m
[0mGET /account [32m200[0m 379.600 ms - 3325[0m
[0mGET /account [32m200[0m 261.151 ms - 3325[0m
[0mGET /account [32m200[0m 372.744 ms - 3325[0m
[0mGET /account [32m200[0m 247.847 ms - 3325[0m
[0mGET /account [32m200[0m 197.944 ms - 3325[0m
[0mGET /account [32m200[0m 213.425 ms - 3366[0m
[0mGET /account [32m200[0m 226.249 ms - 3366[0m
[0mGET /account [32m200[0m 239.807 ms - 3366[0m
[0mGET /account [32m200[0m 211.176 ms - 3498[0m
[0mGET /account [32m200[0m 150.223 ms - 3337[0m
[0mGET /account [32m200[0m 468.834 ms - 3337[0m
[0mGET /account [32m200[0m 234.027 ms - 3553[0m
[0mGET /account [32m200[0m 157.545 ms - 3553[0m
[0mGET /account [32m200[0m 246.738 ms - 3337[0m
[0mGET /account [32m200[0m 190.867 ms - 3249[0m
[0mGET /account [32m200[0m 2094.837 ms - 3249[0m
[0mGET /account [32m200[0m 457.205 ms - 3337[0m
[0mGET /account [32m200[0m 370.338 ms - 3337[0m
[0mGET /account [32m200[0m 309.846 ms - 3337[0m
[0mGET /account [32m200[0m 1540.079 ms - 3249[0m
[0mGET /account [36m304[0m 471.628 ms - -[0m
[0mPOST /account [36m302[0m 604.273 ms - 30[0m
[0mGET /account [32m200[0m 253.207 ms - 3247[0m
[0mGET /account [32m200[0m 314.725 ms - 3247[0m
[0mPOST /account [36m302[0m 368.063 ms - 30[0m
[0mGET /account [32m200[0m 1558.334 ms - 3253[0m
[0mPOST /account [36m302[0m 1882.665 ms - 30[0m
[0mGET /account [32m200[0m 1098.828 ms - 3247[0m
[0mPOST /account [36m302[0m 371.026 ms - 30[0m
[0mPOST /account [36m302[0m 332.768 ms - 30[0m
[0mPOST /account [36m302[0m 303.751 ms - 30[0m
[0mGET /account [32m200[0m 1210.332 ms - 3251[0m
[0mGET /account [32m200[0m 525.480 ms - 3251[0m
[0mPOST /account [36m302[0m 385.170 ms - 30[0m
[0mGET /account [32m200[0m 474.915 ms - 3249[0m
[0mGET /account [32m200[0m 1180.488 ms - 3249[0m
[0mGET /account [32m200[0m 1009.121 ms - 3249[0m
[0mGET /account [32m200[0m 1681.847 ms - 3249[0m
[0mPOST /account [36m302[0m 373.644 ms - 30[0m
[0mGET /account [32m200[0m 1138.940 ms - 3247[0m
[0mGET /account [32m200[0m 1041.608 ms - 3247[0m
[0mPOST /account [36m302[0m 373.535 ms - 30[0m
[0mGET /account [32m200[0m 1022.979 ms - 3247[0m
[0mPOST /account [36m302[0m 382.181 ms - 30[0m
[0mGET /account [32m200[0m 1555.137 ms - 3247[0m
[0mPOST /account [36m302[0m 376.324 ms - 30[0m
[0mGET /account [32m200[0m 396.556 ms - 3257[0m
[0mPOST /account [36m302[0m 340.511 ms - 30[0m
[0mGET /account [32m200[0m 335.646 ms - 3257[0m
[0mGET /account [32m200[0m 424.881 ms - 3292[0m
[0mGET /account [32m200[0m 289.650 ms - 3306[0m
[0mGET /account [32m200[0m 277.153 ms - 3324[0m
[0mGET /account [32m200[0m 310.842 ms - 3327[0m
[0mGET /account [32m200[0m 239.468 ms - 3328[0m
[0mGET /account [32m200[0m 183.504 ms - 3329[0m
[0mGET /account [32m200[0m 164.472 ms - 3520[0m
[0mGET /account [36m302[0m 5.234 ms - 56[0m
[0mGET /blogs [32m200[0m 220.723 ms - 1762[0m
[0mGET /register [32m200[0m 218.970 ms - 2714[0m
[0mPOST /register [32m201[0m 311.674 ms - 275[0m
[0mGET /blogs [32m200[0m 151.658 ms - 1749[0m
[0mGET /account [32m200[0m 213.937 ms - 3457[0m
[0mPOST /account [36m302[0m 315.836 ms - 30[0m
[0mGET /account [32m200[0m 203.466 ms - 3494[0m
[0mGET / [36m302[0m 7.670 ms - 56[0m
[0mGET /blogs [36m304[0m 98.522 ms - -[0m
[0mGET /blogs/60bf94970239b61985b430f9 [32m200[0m 136.488 ms - 1897[0m
[0mGET / [36m302[0m 14.044 ms - 56[0m
[0mGET /blogs [36m304[0m 140.362 ms - -[0m
[0mGET /logout [36m302[0m 9.383 ms - 56[0m
[0mGET /blogs [32m200[0m 105.098 ms - 1762[0m
[0mGET /blogs [36m304[0m 108.590 ms - -[0m
[0mGET /about [32m200[0m 193.462 ms - 2143[0m
[0mGET /account [32m200[0m 175.326 ms - 3593[0m
[0mGET /account [32m200[0m 183.149 ms - 3663[0m
[0mGET /account [32m200[0m 179.580 ms - 3663[0m
[0mGET /account [32m200[0m 1027.071 ms - 3663[0m
[0mGET /account [32m200[0m 352.379 ms - 3663[0m
[0mGET /account [32m200[0m 316.412 ms - 3679[0m
[0mGET /account [32m200[0m 425.230 ms - 3776[0m
[0mGET /account [32m200[0m 293.305 ms - 3520[0m
[0mGET /account [32m200[0m 234.761 ms - 3520[0m
[0mGET /account [32m200[0m 246.268 ms - 3532[0m
[0mGET /account [32m200[0m 1679.576 ms - 3532[0m
[0mGET /account [32m200[0m 1091.139 ms - 3532[0m
[0mGET /account [32m200[0m 1271.710 ms - 3532[0m
[0mGET /account [32m200[0m 535.712 ms - 3479[0m
[0mGET /account [32m200[0m 383.056 ms - 3486[0m
[0mGET /account [32m200[0m 267.899 ms - 3479[0m
[0mGET /account [32m200[0m 291.998 ms - 3479[0m
[0mGET /account [36m302[0m 45.218 ms - 56[0m
[0mGET /blogs [36m304[0m 208.861 ms - -[0m
[0mGET /login [32m200[0m 314.433 ms - 2399[0m
[0mPOST /login [33m400[0m 317.526 ms - 69[0m
[0mPOST /login [33m400[0m 291.129 ms - 69[0m
[0mPOST /login [33m400[0m 289.871 ms - 69[0m
[0mPOST /login [33m400[0m 291.172 ms - 69[0m
[0mGET /register [32m200[0m 200.409 ms - 2714[0m
[0mPOST /register [32m201[0m 382.393 ms - 277[0m
[0mGET /blogs [32m200[0m 148.352 ms - 1749[0m
[0mGET /account [32m200[0m 251.695 ms - 3420[0m
[0mGET /account [32m200[0m 212.077 ms - 3468[0m
[0mGET /account [32m200[0m 507.668 ms - 3578[0m
[0mGET /account [32m200[0m 156.751 ms - 3559[0m
[0mGET /account [32m200[0m 187.948 ms - 3403[0m
[0mGET /account [32m200[0m 217.036 ms - 3402[0m
[0mGET /account [32m200[0m 1252.871 ms - 3402[0m
[0mGET /account [32m200[0m 309.065 ms - 3402[0m
[0mPOST /account [33m400[0m 69.637 ms - 71[0m
[0mPOST /account [36m302[0m 344.404 ms - 30[0m
[0mGET /account [32m200[0m 490.696 ms - 3403[0m
[0mGET /account [32m200[0m 326.839 ms - 3403[0m
[0mGET /account [32m200[0m 263.086 ms - 3403[0m
[0mGET /account [32m200[0m 991.367 ms - 3403[0m
[0mPOST /account [36m302[0m 385.270 ms - 30[0m
[0mGET /account [32m200[0m 371.109 ms - 3401[0m
[0mGET /account [32m200[0m 1030.417 ms - 3401[0m
[0mGET /account [32m200[0m 1046.350 ms - 3401[0m
[0mPOST /account [32m201[0m 371.665 ms - 380[0m
[0mGET /account [32m200[0m 1064.014 ms - 3401[0m
[0mPOST /account [32m201[0m 383.622 ms - 380[0m
[0mGET /account [32m200[0m 1020.644 ms - 3401[0m
[0mPOST /account [32m201[0m 377.659 ms - 380[0m
[0mGET /account [32m200[0m 301.995 ms - 3401[0m
[0mPOST /account [33m400[0m 420.638 ms - 82[0m
[0mGET /account [32m200[0m 1112.778 ms - 4354[0m
[0mGET /account [32m200[0m 497.977 ms - 4353[0m
[0mGET /account [32m200[0m 387.244 ms - 4374[0m
[0mGET /account [32m200[0m 276.243 ms - 4370[0m
[0mGET /account [36m304[0m 1086.684 ms - -[0m
[0mPOST /account [33m400[0m 37.940 ms - 84[0m
[0mPOST /account [33m400[0m 293.438 ms - 69[0m
[0mPOST /account [33m400[0m 292.395 ms - 69[0m
[0mPOST /account [33m400[0m 303.307 ms - 69[0m
[0mGET /account [32m200[0m 1109.701 ms - 4370[0m
[0mPOST /account [33m400[0m 48.879 ms - 84[0m
[0mGET /account [32m200[0m 1068.780 ms - 4370[0m
[0mGET /account [32m200[0m 1290.277 ms - 4370[0m
[0mPOST /account [32m201[0m 357.489 ms - 380[0m
[0mPOST /account [32m201[0m 370.835 ms - 380[0m
[0mGET /account [32m200[0m 1126.513 ms - 4370[0m
[0mPOST /account [0m-[0m - ms - -[0m
[0mPOST /account [0m-[0m - ms - -[0m
[0mPOST /account [0m-[0m - ms - -[0m
[0mPOST /account [0m-[0m - ms - -[0m
[0mGET /account [32m200[0m 381.216 ms - 4370[0m
[0mPOST /account [0m-[0m - ms - -[0m
[0mPOST /account [0m-[0m - ms - -[0m
[0mGET /account [32m200[0m 311.322 ms - 4370[0m
[0mPOST /account [0m-[0m - ms - -[0m
[0mGET /account [32m200[0m 1347.482 ms - 4387[0m
[0mPOST /account [33m400[0m 9.316 ms - 51[0m
[0mGET /account [32m200[0m 981.298 ms - 3388[0m
[0mGET /account [32m200[0m 1648.070 ms - 4387[0m
[0mPOST /account [32m201[0m 347.691 ms - 380[0m
[0mGET /account [32m200[0m 562.992 ms - 4405[0m
[0mPOST /account [32m201[0m 342.707 ms - 380[0m
[0mGET /account [32m200[0m 381.304 ms - 4405[0m
[0mPOST /account [32m201[0m 308.665 ms - 380[0m
[0mGET /account [32m200[0m 323.964 ms - 4405[0m
[0mGET / [36m302[0m 18.044 ms - 56[0m
[0mGET /blogs [32m200[0m 186.767 ms - 1749[0m
[0mGET /account [32m200[0m 379.526 ms - 4405[0m
[0mGET /account [36m302[0m 1.243 ms - 56[0m
[0mGET /blogs [32m200[0m 122.556 ms - 1762[0m
[0mGET /register [32m200[0m 168.656 ms - 2714[0m
[0mGET /login [32m200[0m 118.587 ms - 2399[0m
[0mGET /about [32m200[0m 93.990 ms - 2143[0m
[0mGET /blogs [36m304[0m 133.337 ms - -[0m
[0mGET /blogs/60bf94970239b61985b430f9 [32m200[0m 133.198 ms - 1910[0m
[0mGET / [36m302[0m 1.452 ms - 56[0m
[0mGET /blogs [36m304[0m 98.666 ms - -[0m
[0mGET /blogs [36m304[0m 81.493 ms - -[0m
[0mGET /about [36m304[0m 61.152 ms - -[0m
[0mGET /register [36m304[0m 133.518 ms - -[0m
[0mGET /login [36m304[0m 104.837 ms - -[0m
[0mPOST /account [32m201[0m 346.802 ms - 380[0m
[0mGET /account [32m200[0m 206.199 ms - 4405[0m
[0mGET /account [32m200[0m 323.247 ms - 4405[0m
[0mPOST /account [32m201[0m 331.461 ms - 380[0m
[0mGET /account [32m200[0m 180.197 ms - 4405[0m
[0mGET /account [32m200[0m 448.815 ms - 4406[0m
[0mGET /account [32m200[0m 243.931 ms - 4406[0m
[0mGET /account [32m200[0m 1345.304 ms - 4406[0m
[0mGET /account [32m200[0m 1115.231 ms - 4406[0m
[0mGET /account [32m200[0m 504.861 ms - 4406[0m
[0mPOST /account [32m201[0m 421.152 ms - 380[0m
[0mGET /account [32m200[0m 374.497 ms - 4406[0m
[0mGET /account [32m200[0m 604.470 ms - 4406[0m
[0mGET /assets/images/user-60c2247bf21a8d1cc7ee36a4-1623483632015.jpeg [33m404[0m 341.735 ms - 1676[0m
[0mPOST /account [32m201[0m 323.565 ms - 380[0m
[0mGET /account [32m200[0m 391.842 ms - 4406[0m
[0mGET /assets/images/user-60c2247bf21a8d1cc7ee36a4-1623483632015.jpeg [33m404[0m 319.951 ms - 1676[0m
[0mPOST /account [32m201[0m 429.896 ms - 380[0m
[0mGET /account [32m200[0m 1160.112 ms - 4406[0m
[0mPOST /account [32m201[0m 331.683 ms - 380[0m
[0mGET /account [32m200[0m 447.286 ms - 4406[0m
[0mPOST /account [32m201[0m 417.247 ms - 380[0m
[0mGET /account [32m200[0m 1592.725 ms - 4406[0m
[0mPOST /account [33m400[0m 295.684 ms - 69[0m
[0mGET /account [32m200[0m 550.894 ms - 4397[0m
[0mPOST /account [33m400[0m 20.985 ms - 84[0m
[0mPOST /account [33m400[0m 11.600 ms - 84[0m
[0mPOST /account [0m-[0m 81.611 ms - -[0m
[0mPOST /account [0m-[0m 15.553 ms - -[0m
[0mPOST /account [0m-[0m 18.681 ms - -[0m
[0mPOST /account [0m-[0m 18.787 ms - -[0m
[0mGET /logout [36m302[0m 70.137 ms - 56[0m
[0mGET /blogs [32m200[0m 826.237 ms - 1762[0m
[0mGET /register [32m200[0m 329.317 ms - 2714[0m
[0mGET /register [36m304[0m 967.906 ms - -[0m
[0mGET /register [32m200[0m 1189.641 ms - 3066[0m
[0mPOST /register [33m400[0m 52.177 ms - 98[0m
[0mPOST /register [33m400[0m 57.883 ms - 97[0m
[0mPOST /register [33m400[0m 10.717 ms - 97[0m
[0mPOST /register [33m400[0m 9.102 ms - 97[0m
[0mPOST /register [33m400[0m 8.616 ms - 97[0m
[0mGET /register [32m200[0m 1497.574 ms - 3080[0m
[0mPOST /register [33m400[0m 59.457 ms - 95[0m
[0mPOST /register [33m400[0m 9.915 ms - 95[0m
[0mPOST /register [33m400[0m 84.130 ms - 95[0m
[0mPOST /register [33m400[0m 11.336 ms - 95[0m
[0mPOST /register [33m400[0m 7.794 ms - 95[0m
[0mGET /register [32m200[0m 938.384 ms - 3080[0m
[0mPOST /register [33m400[0m 58.825 ms - 97[0m
[0mPOST /register [33m400[0m 9.265 ms - 97[0m
[0mPOST /register [33m400[0m 101.548 ms - 114[0m
[0mPOST /register [33m400[0m 11.884 ms - 114[0m
[0mPOST /register [33m400[0m 84.960 ms - 97[0m
[0mPOST /register [33m400[0m 8.861 ms - 97[0m
[0mPOST /register [33m400[0m 20.618 ms - 97[0m
[0mPOST /register [33m400[0m 59.224 ms - 146[0m
[0mPOST /register [33m400[0m 88.960 ms - 98[0m
[0mPOST /register [32m201[0m 610.531 ms - 357[0m
[0mGET /blogs [32m200[0m 867.770 ms - 1749[0m
[0mGET /account [32m200[0m 504.493 ms - 4337[0m
[0mGET /logout [36m302[0m 28.070 ms - 56[0m
[0mGET /blogs [32m200[0m 315.291 ms - 1762[0m
[0mGET /login [32m200[0m 260.491 ms - 2399[0m
[0mPOST /login [32m200[0m 308.763 ms - 357[0m
[0mGET / [36m302[0m 10.073 ms - 56[0m
[0mGET /blogs [32m200[0m 174.359 ms - 1749[0m
[0mGET /logout [36m302[0m 81.393 ms - 56[0m
[0mGET /blogs [32m200[0m 893.083 ms - 1762[0m
[0mGET /blogs [36m304[0m 7348.236 ms - -[0m
[0mGET /login [32m200[0m 325.392 ms - 2399[0m
[0mPOST /login [32m200[0m 347.726 ms - 357[0m
[0mGET / [36m302[0m 27.781 ms - 56[0m
[0mGET /blogs [32m200[0m 250.512 ms - 1749[0m
[0mGET /account [36m304[0m 384.586 ms - -[0m
[0mGET /account [32m200[0m 1215.580 ms - 4689[0m
[0mGET /account [32m200[0m 359.978 ms - 4704[0m
[0mPOST /account-passwordUpdate [33m400[0m 387.879 ms - 109[0m
[0mPOST /account-passwordUpdate [33m400[0m 294.172 ms - 90[0m
[0mPOST /account-passwordUpdate [33m400[0m 289.560 ms - 90[0m
[0mPOST /account-passwordUpdate [33m400[0m 305.730 ms - 90[0m
[0mPOST /account-passwordUpdate [33m400[0m 291.847 ms - 90[0m
[0mPOST /account-passwordUpdate [33m400[0m 293.353 ms - 162[0m
[0mGET /account [32m200[0m 1121.551 ms - 4706[0m
[0mPOST /account-passwordUpdate [33m400[0m 314.689 ms - 90[0m
[0mPOST /account-passwordUpdate [33m400[0m 394.303 ms - 90[0m
[0mPOST /account-passwordUpdate [33m400[0m 300.475 ms - 90[0m
[0mPOST /account-passwordUpdate [33m400[0m 299.940 ms - 90[0m
[0mGET /account [32m200[0m 1446.796 ms - 4706[0m
[0mPOST /account-passwordUpdate [33m400[0m 301.877 ms - 90[0m
[0mGET /account [32m200[0m 1146.559 ms - 4706[0m
[0mPOST /account-passwordUpdate [33m400[0m 309.552 ms - 90[0m
[0mGET /account [32m200[0m 1640.470 ms - 4706[0m
[0mPOST /account-passwordUpdate [33m400[0m 308.906 ms - 79[0m
[0mGET /account [32m200[0m 1310.418 ms - 4706[0m
[0mPOST /account-passwordUpdate [33m400[0m 299.120 ms - 90[0m
[0mPOST /account-passwordUpdate [33m400[0m 334.734 ms - 151[0m
[0mPOST /account-passwordUpdate [33m400[0m 313.546 ms - 98[0m
[0mGET /account [32m200[0m 1123.379 ms - 4846[0m
[0mGET /account [32m200[0m 450.234 ms - 4853[0m
[0mGET /account [32m200[0m 453.588 ms - 4859[0m
[0mGET /account [32m200[0m 642.526 ms - 4863[0m
[0mGET /account [32m200[0m 314.951 ms - 4859[0m
[0mGET /account [32m200[0m 274.276 ms - 4845[0m
[0mGET /account [32m200[0m 580.451 ms - 4806[0m
[0mGET /account [32m200[0m 406.818 ms - 4796[0m
[0mGET /account [32m200[0m 409.787 ms - 4806[0m
[0mGET /account [32m200[0m 578.674 ms - 4806[0m
[0mGET /account [36m304[0m 282.639 ms - -[0m
[0mGET /account [32m200[0m 331.877 ms - 4845[0m
[0mGET /account [36m304[0m 1535.344 ms - -[0m
[0mPOST /account [32m201[0m 527.274 ms - 322[0m
[0mGET /account [32m200[0m 477.667 ms - 4883[0m
[0mGET /account [36m304[0m 1474.677 ms - -[0m
[0mGET / [36m302[0m 76.564 ms - 56[0m
[0mGET /blogs [36m304[0m 926.721 ms - -[0m
[0mGET /blogs [32m200[0m 257.903 ms - 1787[0m
[0mGET /blogs [32m200[0m 484.524 ms - 1781[0m
[0mGET /blogs [32m200[0m 208.633 ms - 1779[0m
[0mGET /blogs [32m200[0m 1218.022 ms - 1703[0m
[0mGET /blogs/create [32m200[0m 323.100 ms - 2408[0m
[0mPOST /blogs [36m302[0m 138.447 ms - 56[0m
[0mGET /blogs [32m200[0m 1295.026 ms - 1703[0m
[0mGET /blogs [36m304[0m 335.060 ms - -[0m
[0mGET /blogs/create [36m304[0m 228.645 ms - -[0m
[0mPOST /blogs [36m302[0m 19.927 ms - 56[0m
[0mGET /blogs [32m200[0m 305.692 ms - 1703[0m
[0mGET /blogs [36m304[0m 217.208 ms - -[0m
[0mGET /blogs [36m304[0m 482.899 ms - -[0m
[0mGET /blogs [36m304[0m 274.630 ms - -[0m
[0mGET /blogs [36m304[0m 212.704 ms - -[0m
[0mGET /blogs [32m200[0m 1185.052 ms - 2190[0m
[0mGET /blogs [36m304[0m 429.467 ms - -[0m
[0mGET /logout [36m302[0m 63.118 ms - 56[0m
[0mGET /blogs [32m200[0m 394.479 ms - 2203[0m
[0mGET /register [32m200[0m 296.415 ms - 3080[0m
[0mPOST /register [33m400[0m 423.654 ms - 103[0m
[0mPOST /register [33m400[0m 304.735 ms - 72[0m
[0mPOST /register [33m400[0m 320.295 ms - 103[0m
[0mPOST /register [33m400[0m 334.071 ms - 99[0m
[0mPOST /register [33m400[0m 306.431 ms - 72[0m
[0mPOST /register [32m201[0m 4457.080 ms - 284[0m
[0mGET /blogs [32m200[0m 427.425 ms - 2190[0m
[0mGET /logout [36m302[0m 24.529 ms - 56[0m
[0mGET /blogs [32m200[0m 336.247 ms - 2203[0m
[0mGET /blogs/60c607a193454c0e12afded8 [32m200[0m 301.348 ms - 2241[0m
[0mGET / [36m302[0m 1.937 ms - 56[0m
[0mGET /blogs [36m304[0m 199.608 ms - -[0m
[0mGET /blogs/60c6079593454c0e12afded7 [32m200[0m 236.688 ms - 2968[0m
[0mGET / [36m302[0m 1.637 ms - 56[0m
[0mGET /blogs [36m304[0m 134.639 ms - -[0m
[0mGET /blogs/60bf94970239b61985b430f9 [32m200[0m 162.087 ms - 1910[0m
[0mGET / [36m302[0m 1.292 ms - 56[0m
[0mGET /blogs [36m304[0m 157.985 ms - -[0m
[0mGET /register [32m200[0m 548.854 ms - 3080[0m
[0mPOST /register [32m201[0m 4978.198 ms - 286[0m
[0mGET /blogs [32m200[0m 313.712 ms - 2190[0m
[0mGET /logout [36m302[0m 23.567 ms - 56[0m
[0mGET /blogs [32m200[0m 233.708 ms - 2203[0m
[0mGET /reset-password [33m404[0m 353.888 ms - 1689[0m
[0mGET /resetPassword [33m404[0m 163.792 ms - 1689[0m
[0mGET /register [32m200[0m 434.280 ms - 3080[0m
[0mGET /forgot-password [32m200[0m 337.920 ms - 2097[0m
[0mPOST /forgot-password [33m400[0m 87.318 ms - 98[0m
[0mPOST /forgot-password [32m200[0m 440.372 ms - 26[0m
[0mPOST /forgot-password [32m200[0m 451.712 ms - 26[0m
[0mPOST /forgot-password [31m500[0m 787.867 ms - 10[0m
[0mPOST /forgot-password [31m500[0m 594.561 ms - 10[0m
[0mPOST /forgot-password [32m200[0m 7509.470 ms - 26[0m
[0mGET /reset-password/24f831658e3dda6419386f3fca7b95e5e687727bdcdcd854189b72935548a1b0 [33m400[0m 2.228 ms - 38[0m
[0mGET /favicon.ico [33m404[0m 217.929 ms - 1689[0m
[0mPOST /forgot-password [31m500[0m 68053.297 ms - 47[0m
[0mPOST /forgot-password [32m200[0m 38207.851 ms - 26[0m
[0mGET /reset-password/37ea3f01242ab6075cb620d882a9a6bb38735fb5b00e72eb6dad82c8d5b22bbe [33m400[0m 2.290 ms - 38[0m
[0mGET /reset-password/37ea3f01242ab6075cb620d882a9a6bb38735fb5b00e72eb6dad82c8d5b22bbe [33m400[0m 1.186 ms - 38[0m
[0mGET /reset-password/37ea3f01242ab6075cb620d882a9a6bb38735fb5b00e72eb6dad82c8d5b22bbe [33m400[0m 1.180 ms - 38[0m
[0mGET /reset-password/37ea3f01242ab6075cb620d882a9a6bb38735fb5b00e72eb6dad82c8d5b22bbe [33m400[0m 1.068 ms - 38[0m
[0mGET / [36m302[0m 9.541 ms - 56[0m
[0mGET /blogs [32m200[0m 254.460 ms - 2209[0m
[0mGET /forgot-password [32m200[0m 560.094 ms - 2097[0m
[0mPOST /forgot-password [32m200[0m 3227.849 ms - 26[0m
[0mGET /reset-password/a6af95e666e782c12c55266d44922dee741f1977f454706e6f12f5739ab527b4 [32m200[0m 228.904 ms - 2123[0m
[0mGET /forgot-password [32m200[0m 444.902 ms - 2097[0m
[0mPOST /forgot-password [33m400[0m 91.530 ms - 98[0m
[0mPOST /forgot-password [33m400[0m 92.251 ms - 98[0m
[0mPOST /forgot-password [33m400[0m 104.188 ms - 98[0m
[0mPOST /forgot-password [33m400[0m 93.721 ms - 98[0m
[0mPOST /forgot-password [32m200[0m 3463.412 ms - 11[0m
[0mGET /reset-password/955f107c5e3919bb4974b041f91361e256e169fba1bbe52844552c5d2bb20da8 [32m200[0m 323.700 ms - 2474[0m
[0mPOST /reset-password/undefined [0m-[0m - ms - -[0m
[0mGET /forgot-password [32m200[0m 483.563 ms - 2111[0m
[0mGET /reset-password/955f107c5e3919bb4974b041f91361e256e169fba1bbe52844552c5d2bb20da8 [32m200[0m 312.939 ms - 2123[0m
[0mGET /reset-password/955f107c5e3919bb4974b041f91361e256e169fba1bbe52844552c5d2bb20da8 [36m304[0m 422.754 ms - -[0m
[0mPOST /reset-password/undefined [0m-[0m - ms - -[0m
[0mGET /reset-password/955f107c5e3919bb4974b041f91361e256e169fba1bbe52844552c5d2bb20da8 [36m304[0m 247.534 ms - -[0m
[0mGET /reset-password/955f107c5e3919bb4974b041f91361e256e169fba1bbe52844552c5d2bb20da8 [36m304[0m 222.508 ms - -[0m
[0mGET /reset-password/955f107c5e3919bb4974b041f91361e256e169fba1bbe52844552c5d2bb20da8 [33m400[0m 50.529 ms - 2[0m
[0mGET /reset-password/955f107c5e3919bb4974b041f91361e256e169fba1bbe52844552c5d2bb20da8 [33m400[0m 60.265 ms - 2[0m
[0mGET /reset-password/955f107c5e3919bb4974b041f91361e256e169fba1bbe52844552c5d2bb20da8 [32m200[0m 360.733 ms - 2123[0m
[0mGET /reset-password/955f107c5e3919bb4974b041f91361e256e169fba1bbe52844552c5d2bb20da8 [36m304[0m 357.010 ms - -[0m
[0mGET /reset-password/955f107c5e3919bb4974b041f91361e256e169fba1bbe52844552c5d2bb20da8 [36m304[0m 413.835 ms - -[0m
[0mGET /reset-password/955f107c5e3919bb4974b041f91361e256e169fba1bbe52844552c5d2bb20da8 [36m304[0m 470.168 ms - -[0m
[0mGET /reset-password/955f107c5e3919bb4974b041f91361e256e169fba1bbe52844552c5d2bb20da8 [36m304[0m 631.255 ms - -[0m
[0mGET /reset-password/955f107c5e3919bb4974b041f91361e256e169fba1bbe52844552c5d2bb20da8 [36m304[0m 383.598 ms - -[0m
[0mGET /reset-password/955f107c5e3919bb4974b041f91361e256e169fba1bbe52844552c5d2bb20da8 [36m304[0m 389.515 ms - -[0m
[0mGET /reset-password/955f107c5e3919bb4974b041f91361e256e169fba1bbe52844552c5d2bb20da8 [33m400[0m 11.690 ms - 38[0m
[0mGET /forgot-password [36m304[0m 300.701 ms - -[0m
[0mGET /forgot-password [32m200[0m 323.124 ms - 2111[0m
[0mPOST /forgot-password [32m200[0m 5430.485 ms - 11[0m
[0mGET /reset-password/f6ab6f28577641c73df347eb398c18de700c81efa2981e12dbaf2308c7291459 [33m400[0m 1.708 ms - 38[0m
[0mGET /forgot-password [32m200[0m 284.894 ms - 2111[0m
[0mPOST /forgot-password [32m200[0m 6231.795 ms - 11[0m
[0mGET /reset-password/e03b4e9138512146be6a11a9af3904ed0d6a30929750d654493cd7b6312d686a [33m400[0m 2.892 ms - 38[0m
[0mGET /forgot-password [32m200[0m 246.200 ms - 2111[0m
[0mPOST /forgot-password [32m200[0m 6070.401 ms - 11[0m
[0mGET /reset-password/0b702c97539fa1b5cdb5518a108d55c33f51110ae216adc1d797af5aaca14f31 [32m200[0m 140.587 ms - 2123[0m
[0mPOST /reset-password/undefined [0m-[0m - ms - -[0m
[0mGET /reset-password/0b702c97539fa1b5cdb5518a108d55c33f51110ae216adc1d797af5aaca14f31 [36m304[0m 317.201 ms - -[0m
[0mGET /reset-password/0b702c97539fa1b5cdb5518a108d55c33f51110ae216adc1d797af5aaca14f31 [36m304[0m 9.665 ms - -[0m
[0mPOST /reset-password/undefined [33m400[0m 14.893 ms - 72[0m
[0mPOST /reset-password/undefined [33m400[0m 11.660 ms - 72[0m
[0mGET /reset-password/0b702c97539fa1b5cdb5518a108d55c33f51110ae216adc1d797af5aaca14f31 [36m304[0m 294.181 ms - -[0m
[0mPOST /reset-password/undefined [31m500[0m 14.340 ms - 148[0m
[0mGET /reset-password/0b702c97539fa1b5cdb5518a108d55c33f51110ae216adc1d797af5aaca14f31 [36m304[0m 18.344 ms - -[0m
[0mPOST /reset-password/undefined [31m500[0m 12.895 ms - 148[0m
[0mGET /reset-password/0b702c97539fa1b5cdb5518a108d55c33f51110ae216adc1d797af5aaca14f31 [36m304[0m 421.136 ms - -[0m
[0mGET /reset-password/0b702c97539fa1b5cdb5518a108d55c33f51110ae216adc1d797af5aaca14f31 [36m304[0m 312.723 ms - -[0m
[0mGET /reset-password/0b702c97539fa1b5cdb5518a108d55c33f51110ae216adc1d797af5aaca14f31 [36m304[0m 198.795 ms - -[0m
[0mGET /forgot-password [32m200[0m 621.884 ms - 2111[0m
[0mGET /reset-password/0b702c97539fa1b5cdb5518a108d55c33f51110ae216adc1d797af5aaca14f31 [33m400[0m 32.974 ms - 38[0m
[0mGET /reset-password/0b702c97539fa1b5cdb5518a108d55c33f51110ae216adc1d797af5aaca14f31 [33m400[0m 52.354 ms - 38[0m
[0mGET /reset-password/0b702c97539fa1b5cdb5518a108d55c33f51110ae216adc1d797af5aaca14f31 [33m400[0m 15.415 ms - 38[0m
[0mGET /reset-password/0b702c97539fa1b5cdb5518a108d55c33f51110ae216adc1d797af5aaca14f31 [33m400[0m 5.495 ms - 38[0m
[0mGET /reset-password/0b702c97539fa1b5cdb5518a108d55c33f51110ae216adc1d797af5aaca14f31 [32m200[0m 476.983 ms - 2123[0m
[0mGET /reset-password/0b702c97539fa1b5cdb5518a108d55c33f51110ae216adc1d797af5aaca14f31 [32m200[0m 319.372 ms - 2123[0m
[0mGET /reset-password/0b702c97539fa1b5cdb5518a108d55c33f51110ae216adc1d797af5aaca14f31 [36m304[0m 378.806 ms - -[0m
[0mGET /reset-password/0b702c97539fa1b5cdb5518a108d55c33f51110ae216adc1d797af5aaca14f31 [36m304[0m 371.849 ms - -[0m
[0mGET /reset-password/0b702c97539fa1b5cdb5518a108d55c33f51110ae216adc1d797af5aaca14f31 [36m304[0m 520.541 ms - -[0m
[0mGET /reset-password/0b702c97539fa1b5cdb5518a108d55c33f51110ae216adc1d797af5aaca14f31 [33m400[0m 36.444 ms - 38[0m
[0mGET /forgot-password [32m200[0m 300.877 ms - 2111[0m
[0mPOST /forgot-password [32m200[0m 5578.460 ms - 11[0m
[0mGET /reset-password/2ab6888879b62cb07dd9662e80b2428a7dbf21f5ee43f1c60bc3db54593148d0 [32m200[0m 195.142 ms - 2123[0m
[0mGET /reset-password/2ab6888879b62cb07dd9662e80b2428a7dbf21f5ee43f1c60bc3db54593148d0 [32m200[0m 511.126 ms - 2123[0m
[0mGET /reset-password/2ab6888879b62cb07dd9662e80b2428a7dbf21f5ee43f1c60bc3db54593148d0 [32m200[0m 513.909 ms - 2123[0m
[0mPOST /reset-password/undefined [0m-[0m - ms - -[0m
[0mGET /reset-password/2ab6888879b62cb07dd9662e80b2428a7dbf21f5ee43f1c60bc3db54593148d0 [32m200[0m 409.749 ms - 2123[0m
[0mPOST /reset-password/undefined [32m201[0m 14.464 ms - 2[0m
[0mPOST /reset-password/undefined [32m201[0m 9.859 ms - 2[0m
[0mGET /reset-password/2ab6888879b62cb07dd9662e80b2428a7dbf21f5ee43f1c60bc3db54593148d0 [33m400[0m 54.746 ms - 38[0m
[0mGET /forgot-password [32m200[0m 271.928 ms - 2111[0m
[0mPOST /forgot-password [32m200[0m 5612.408 ms - 11[0m
[0mGET /reset-password/a06ca78d85e93320b684268e2b710bbe63b452bc7ed6678c05c79df44c74323f [32m200[0m 186.654 ms - 2123[0m
[0mPOST /reset-password/undefined [0m-[0m - ms - -[0m
[0mGET /reset-password/a06ca78d85e93320b684268e2b710bbe63b452bc7ed6678c05c79df44c74323f [32m200[0m 457.804 ms - 2201[0m
[0mGET /reset-password/a06ca78d85e93320b684268e2b710bbe63b452bc7ed6678c05c79df44c74323f [36m304[0m 306.923 ms - -[0m
[0mPOST /reset-password/51e57d286d0a1cfaecb1452362c4a142f9bdbce5a526c186590d8930b10a2425 [0m-[0m - ms - -[0m
[0mGET /reset-password/a06ca78d85e93320b684268e2b710bbe63b452bc7ed6678c05c79df44c74323f [36m304[0m 221.889 ms - -[0m
[0mGET /reset-password/a06ca78d85e93320b684268e2b710bbe63b452bc7ed6678c05c79df44c74323f [33m400[0m 13.816 ms - 38[0m
[0mPOST /forgot-password [32m200[0m 5506.258 ms - 11[0m
[0mGET /reset-password/94051a1f25c4550f885f420c6227e0a8b6c470e0840b97c2493966931062b602 [32m200[0m 154.484 ms - 2201[0m
[0mGET /reset-password/94051a1f25c4550f885f420c6227e0a8b6c470e0840b97c2493966931062b602 [32m200[0m 505.859 ms - 2207[0m
[0mPOST /reset-password/undefined [0m-[0m - ms - -[0m
[0mGET /reset-password/94051a1f25c4550f885f420c6227e0a8b6c470e0840b97c2493966931062b602 [33m400[0m 68.221 ms - 38[0m
[0mPOST /forgot-password [32m200[0m 6312.284 ms - 11[0m
[0mGET /reset-password/40baff68d0c57034ca2b37f2d4c2d1c5228db243388c60e077b19d5051abaeba [32m200[0m 220.709 ms - 2207[0m
[0mGET /reset-password/40baff68d0c57034ca2b37f2d4c2d1c5228db243388c60e077b19d5051abaeba [36m304[0m 494.767 ms - -[0m
[0mPOST /reset-password/undefined [0m-[0m - ms - -[0m
[0mGET /reset-password/40baff68d0c57034ca2b37f2d4c2d1c5228db243388c60e077b19d5051abaeba [33m400[0m 56.456 ms - 38[0m
[0mPOST /forgot-password [32m200[0m 5112.368 ms - 11[0m
[0mGET /reset-password/39297de23ebada1db6b942b60d3510f8f14c177e2fbea43a193cba5adad9b6da [32m200[0m 205.378 ms - 2206[0m
[0mGET /reset-password/39297de23ebada1db6b942b60d3510f8f14c177e2fbea43a193cba5adad9b6da [36m304[0m 773.464 ms - -[0m
[0mGET /reset-password/39297de23ebada1db6b942b60d3510f8f14c177e2fbea43a193cba5adad9b6da [36m304[0m 683.558 ms - -[0m
[0mGET /reset-password/39297de23ebada1db6b942b60d3510f8f14c177e2fbea43a193cba5adad9b6da [32m200[0m 517.464 ms - 2123[0m
[0mPOST /forgot-password [32m200[0m 5505.044 ms - 11[0m
[0mGET /reset-password/1f93dabc05921d93bb0b60d481508385e4d62b32b830d7ccbac8556be3ed0df7 [31m500[0m 29.091 ms - 2830[0m
[0mGET /reset-password/1f93dabc05921d93bb0b60d481508385e4d62b32b830d7ccbac8556be3ed0df7 [32m200[0m 279.055 ms - 2201[0m
[0mPOST /reset-password/1f93dabc05921d93bb0b60d481508385e4d62b32b830d7ccbac8556be3ed0df7 [32m201[0m 321.687 ms - 333[0m
[0mGET /reset-password/1f93dabc05921d93bb0b60d481508385e4d62b32b830d7ccbac8556be3ed0df7 [33m400[0m 78.173 ms - 38[0m
[0mPOST /forgot-password [32m200[0m 5368.445 ms - 11[0m
[0mGET /reset-password/e4db508106d78e88026e218efadf01d70a8eb1f5f36799188bf2bac3e3d2c4a4 [32m200[0m 260.291 ms - 2188[0m
[0mPOST /reset-password/e4db508106d78e88026e218efadf01d70a8eb1f5f36799188bf2bac3e3d2c4a4 [32m201[0m 367.106 ms - 342[0m
[0mGET / [36m302[0m 69.808 ms - 56[0m
[0mGET /blogs [32m200[0m 376.586 ms - 2196[0m
[0mGET /account [32m200[0m 360.842 ms - 4865[0m
[0mPOST /account-passwordUpdate [32m201[0m 605.705 ms - 342[0m
[0mGET /logout [36m302[0m 9.532 ms - 56[0m
[0mGET /blogs [32m200[0m 223.504 ms - 2209[0m
[0mGET /login [32m200[0m 278.292 ms - 2399[0m
[0mPOST /login [32m200[0m 292.751 ms - 333[0m
[0mGET / [36m302[0m 6.133 ms - 56[0m
[0mGET /blogs [32m200[0m 119.001 ms - 2196[0m
[0mGET /account [36m304[0m 286.542 ms - -[0m
[0mGET /logout [36m302[0m 7.201 ms - 56[0m
[0mGET /blogs [32m200[0m 192.080 ms - 2209[0m
[0mGET /login [32m200[0m 130.058 ms - 2399[0m
[0mPOST /login [32m200[0m 300.102 ms - 333[0m
[0mGET / [36m302[0m 7.219 ms - 56[0m
[0mGET /blogs [32m200[0m 124.563 ms - 2196[0m
[0mGET /account [36m304[0m 279.645 ms - -[0m
[0mDELETE /account [31m500[0m 4.414 ms - 2106[0m
[0mGET /blogs [36m304[0m 86.295 ms - -[0m
[0mGET /account [36m304[0m 201.970 ms - -[0m
[0mGET /account [32m200[0m 206.785 ms - 4865[0m
[0mGET /forgot-password [32m200[0m 107.151 ms - 2226[0m
[0mGET /account [36m304[0m 201.112 ms - -[0m
[0mPOST /account [32m201[0m 443.029 ms - 379[0m
[0mGET /account [32m200[0m 271.678 ms - 4903[0m
[0mDELETE /account [32m200[0m 108.046 ms - 21[0m
[0mGET /blogs [32m200[0m 468.619 ms - 2337[0m
[0mGET /reset-password/1f93dabc05921d93bb0b60d481508385e4d62b32b830d7ccbac8556be3ed0df7 [33m400[0m 42.985 ms - 38[0m
[0mGET /reset-password/1f93dabc05921d93bb0b60d481508385e4d62b32b830d7ccbac8556be3ed0df [33m400[0m 9.235 ms - 38[0m
[0mGET /reset-password/1f93dabc05921d93bb0b60d481508385e4d62b32b830d7ccbac8556be3ed0d [33m400[0m 6.283 ms - 38[0m
[0mGET /reset-password/1 [33m400[0m 5.665 ms - 38[0m
[0mGET /reset- [33m404[0m 120.053 ms - 1817[0m
[0mGET /blogs [36m304[0m 547.489 ms - -[0m
[0mGET /blogs [32m200[0m 504.561 ms - 2385[0m
[0mGET /login [32m200[0m 235.869 ms - 2575[0m
[0mGET /register [32m200[0m 279.241 ms - 3256[0m
[0mGET / [36m302[0m 32.551 ms - 56[0m
[0mGET /blogs [36m304[0m 187.369 ms - -[0m
[0mGET /blogs/60c607a193454c0e12afded8 [32m200[0m 211.987 ms - 2417[0m
[0mGET / [36m302[0m 0.964 ms - 56[0m
[0mGET /blogs [36m304[0m 130.127 ms - -[0m
[0mGET /blogs [32m200[0m 706.035 ms - 2337[0m
[0mGET / [36m302[0m 155.666 ms - 56[0m
[0mGET /blogs [36m304[0m 468.202 ms - -[0m
[0mGET /register [32m200[0m 283.040 ms - 3208[0m
[0mPOST /register [32m201[0m 3530.378 ms - 314[0m
[0mGET /blogs [32m200[0m 182.861 ms - 2324[0m
[0mGET /account [32m200[0m 526.051 ms - 4964[0m
[0mGET /donate [31m500[0m 453.028 ms - 1668[0m
[0mGET /donate [31m500[0m 554.605 ms - 1668[0m
[0mGET /account [36m304[0m 709.961 ms - -[0m
[0mGET /donate [31m500[0m 23.892 ms - 10[0m
[0mGET /donate [31m500[0m 112.349 ms - 10[0m
[0mGET /donate [31m500[0m 65.818 ms - 10[0m
[0mGET /donate [31m500[0m 15.363 ms - 10[0m
[0mGET /donate [31m500[0m 68.318 ms - 10[0m
[0mGET /donate [31m500[0m 20.665 ms - 10[0m
[0mGET /donate [31m500[0m 65.036 ms - 2[0m
[0mGET /donate [31m500[0m 17.246 ms - 2[0m
[0mGET /donate [31m500[0m 591.424 ms - -[0m
[0mGET /donate [31m500[0m 529.850 ms - -[0m
[0mGET /donate [31m500[0m 560.885 ms - -[0m
[0mGET /donate [31m500[0m 566.493 ms - -[0m
[0mGET /donate [31m500[0m 98.580 ms - 2[0m
[0mGET /favicon.ico [33m404[0m 320.676 ms - 1804[0m
[0mGET /donate [31m500[0m 508.950 ms - 1660[0m
[0mGET /donate [31m500[0m 566.642 ms - 1660[0m
[0mGET /donate [31m500[0m 553.768 ms - 1660[0m
[0mGET /donate [31m500[0m 566.554 ms - 1660[0m
[0mGET /donate [31m500[0m 1509.640 ms - 1431[0m
[0mGET /donate [31m500[0m 1222.382 ms - 1431[0m
[0mGET /donate [31m500[0m 615.908 ms - 1431[0m
[0mGET /donate [31m500[0m 523.037 ms - 1431[0m
[0mGET /donate [31m500[0m 1116.158 ms - 1660[0m
[0mGET /donate [31m500[0m 995.953 ms - 1888[0m
[0mGET /donate [31m500[0m 2926.827 ms - 1799[0m
[0mGET /donate [32m200[0m 1066.386 ms - 864[0m
[0mGET /donate [32m200[0m 1113.055 ms - 864[0m
[0mGET /logout [36m302[0m 118.077 ms - 56[0m
[0mGET /blogs [32m200[0m 678.636 ms - 2337[0m
[0mGET /register [32m200[0m 409.289 ms - 3208[0m
[0mPOST /register [32m201[0m 3357.606 ms - 324[0m
[0mGET /blogs [32m200[0m 201.765 ms - 2324[0m
[0mGET /account [32m200[0m 433.882 ms - 4984[0m
[0mGET /donate [32m200[0m 599.808 ms - 876[0m
[0mGET /logout [36m302[0m 8.415 ms - 56[0m
[0mGET /blogs [32m200[0m 182.764 ms - 2337[0m
[0mGET /blogs/60c607a193454c0e12afded8 [32m200[0m 500.564 ms - 2369[0m
[0mGET /blogs [36m304[0m 454.589 ms - -[0m
[0mGET /blogs [36m304[0m 277.531 ms - -[0m
[0mGET /login [32m200[0m 320.616 ms - 2527[0m
[0mPOST /login [32m200[0m 303.348 ms - 305[0m
[0mGET / [36m302[0m 22.359 ms - 56[0m
[0mGET /blogs [32m200[0m 148.835 ms - 2324[0m
[0mGET /account [32m200[0m 402.881 ms - 5013[0m
[0mGET /account [32m200[0m 288.127 ms - 5013[0m
[0mGET /account [32m200[0m 308.597 ms - 5013[0m
[0mGET /account [32m200[0m 276.955 ms - 5036[0m
[0mGET /account [32m200[0m 267.856 ms - 5060[0m
[0mGET /account [32m200[0m 231.422 ms - 5108[0m
[0mGET /account [32m200[0m 256.561 ms - 5085[0m
[0mGET /account [32m200[0m 265.541 ms - 5085[0m
[0mGET /account [32m200[0m 292.003 ms - 5103[0m
[0mGET /account [32m200[0m 298.608 ms - 5111[0m
[0mGET /account [32m200[0m 281.657 ms - 5108[0m
[0mGET /account [32m200[0m 195.094 ms - 5115[0m
[0mGET /account [32m200[0m 195.452 ms - 5160[0m
[0mGET /account [32m200[0m 274.179 ms - 5099[0m
[0mGET /account [31m500[0m 56.300 ms - 2440[0m
[0mGET /account [32m200[0m 233.131 ms - 5013[0m
[0mGET /account [32m200[0m 707.484 ms - 5013[0m
[0mGET /logout [36m302[0m 92.341 ms - 56[0m
[0mGET /blogs [32m200[0m 334.775 ms - 2337[0m
[0mGET /account [36m302[0m 1.728 ms - 56[0m
[0mGET /blogs [32m200[0m 249.880 ms - 2337[0m
[0mGET /login [32m200[0m 247.583 ms - 2527[0m
[0mPOST /login [32m200[0m 303.975 ms - 305[0m
[0mGET / [36m302[0m 7.941 ms - 56[0m
[0mGET /blogs [32m200[0m 190.666 ms - 2324[0m
[0mGET /account [32m200[0m 288.554 ms - 4964[0m
[0mGET /account [32m200[0m 279.616 ms - 5013[0m
[0mGET /account [32m200[0m 342.062 ms - 5180[0m
[0mGET /account [32m200[0m 305.603 ms - 5117[0m
[0mGET /account [32m200[0m 237.846 ms - 5142[0m
[0mGET /account [32m200[0m 263.104 ms - 5147[0m
[0mGET /account [32m200[0m 259.751 ms - 5143[0m
[0mGET /account [32m200[0m 262.059 ms - 5142[0m
[0mGET /account [32m200[0m 244.104 ms - 5141[0m
[0mGET /account [32m200[0m 316.341 ms - 5111[0m
[0mGET /account [36m302[0m 1.272 ms - 56[0m
[0mGET /blogs [32m200[0m 156.961 ms - 2337[0m
[0mGET / [31m500[0m 10.164 ms - 2120[0m
[0mGET / [32m200[0m 64.850 ms - 0[0m
[0mGET / [31m500[0m 36.369 ms - 2438[0m
[0mGET / [32m200[0m 307.279 ms - 1674[0m
[0mGET / [32m200[0m 247.642 ms - 1688[0m
[0mGET / [32m200[0m 306.950 ms - 1688[0m
[0mGET / [32m200[0m 318.361 ms - 1704[0m
[0mGET /node_modules/axios.js [33m404[0m 403.342 ms - 1817[0m
[0mGET / [32m200[0m 171.008 ms - 1690[0m
[0mGET /node_modules/axios.js [33m404[0m 298.411 ms - 1817[0m
[0mGET / [32m200[0m 101.814 ms - 1715[0m
[0mGET / [32m200[0m 342.052 ms - 1674[0m
[0mGET / [32m200[0m 174.868 ms - 1674[0m
[0mGET / [32m200[0m 316.695 ms - 1674[0m
[0mGET / [32m200[0m 373.594 ms - 1906[0m
[0mGET / [32m200[0m 207.233 ms - 1983[0m
[0mGET / [32m200[0m 195.429 ms - 1983[0m
[0mGET / [32m200[0m 165.495 ms - 1983[0m
[0mGET /login [32m200[0m 290.307 ms - 2527[0m
[0mPOST /login [32m200[0m 345.475 ms - 305[0m
[0mGET / [32m200[0m 191.487 ms - 1970[0m
[0mGET /account [32m200[0m 360.042 ms - 4964[0m
[0mPOST /account [0m-[0m 28.803 ms - -[0m
[0mPOST /account [0m-[0m 41.489 ms - -[0m
[0mPOST /account [0m-[0m 33.920 ms - -[0m
[0mPOST /account [0m-[0m 254.740 ms - -[0m
[0mPOST /account [0m-[0m 42.088 ms - -[0m
[0mPOST /account [0m-[0m 24.241 ms - -[0m
[0mGET /account [36m302[0m 74.841 ms - 56[0m
[0mGET /blogs [32m200[0m 237.470 ms - 2337[0m
[0mGET / [32m200[0m 203.089 ms - 1983[0m
[0mGET / [32m200[0m 387.513 ms - 1874[0m
[0mGET / [32m200[0m 260.318 ms - 1845[0m
[0mGET / [32m200[0m 169.580 ms - 1941[0m
[0mGET / [32m200[0m 240.701 ms - 2011[0m
[0mGET / [32m200[0m 131.822 ms - 1946[0m
[0mGET / [32m200[0m 168.238 ms - 1873[0m
[0mGET / [32m200[0m 121.197 ms - 1906[0m
[0mGET / [32m200[0m 314.670 ms - 1703[0m
[0mGET / [36m304[0m 718.882 ms - -[0m
[0mGET / [36m304[0m 322.113 ms - -[0m
[0mGET / [36m304[0m 343.876 ms - -[0m
[0mGET / [36m304[0m 339.090 ms - -[0m
[0mGET / [36m304[0m 446.072 ms - -[0m
[0mGET / [32m200[0m 1155.967 ms - 1703[0m
[0mGET / [32m200[0m 186.753 ms - 1703[0m
[0mGET / [32m200[0m 323.209 ms - 1703[0m
[0mGET / [36m302[0m 46.017 ms - 56[0m
[0mGET /blogs [32m200[0m 479.331 ms - 2337[0m
[0mGET /blogs [32m200[0m 421.423 ms - 2337[0m
[0mGET /blogs [32m200[0m 419.241 ms - 2337[0m
[0mGET /blogs [32m200[0m 474.295 ms - 2337[0m
[0mGET /blogs [32m200[0m 495.454 ms - 2337[0m
[0mGET /blogs [32m200[0m 539.607 ms - 2337[0m
[0mGET / [32m200[0m 302.621 ms - 1408[0m
[0mGET / [32m200[0m 227.869 ms - 1820[0m
[0mGET / [32m200[0m 341.828 ms - 1820[0m
[0mGET / [32m200[0m 319.902 ms - 1820[0m
[0mGET / [32m200[0m 305.863 ms - 1820[0m
[0mGET /login [32m200[0m 772.996 ms - 2527[0m
[0mPOST /login [32m200[0m 418.112 ms - 305[0m
[0mGET / [36m302[0m 25.173 ms - 56[0m
[0mGET /blogs [32m200[0m 237.746 ms - 2324[0m
[0mGET /account [32m200[0m 543.612 ms - 5013[0m
[0mGET /account [32m200[0m 584.358 ms - 5013[0m
[0mGET /account [32m200[0m 875.398 ms - 5013[0m
[0mGET /account [32m200[0m 701.446 ms - 5009[0m
[0mGET /account [32m200[0m 787.005 ms - 5009[0m
[0mGET /donate [32m200[0m 2158.521 ms - 1230[0m
[0mGET /account [32m200[0m 819.436 ms - 5009[0m
[0mGET /donate [32m200[0m 2176.965 ms - 1230[0m
[0mGET /account [32m200[0m 676.460 ms - 5009[0m
[0mGET /donate [32m200[0m 1441.409 ms - 1230[0m
[0mGET /account [32m200[0m 714.690 ms - 5009[0m
[0mGET /donate [32m200[0m 1264.619 ms - 1242[0m
[0mGET /account [32m200[0m 697.930 ms - 5009[0m
[0mGET /donate [32m200[0m 1389.676 ms - 1248[0m
[0mGET /account [36m304[0m 686.266 ms - -[0m
[0mGET /logout [36m302[0m 61.454 ms - 56[0m
[0mGET /blogs [32m200[0m 378.393 ms - 2337[0m
[0mGET /register [32m200[0m 373.044 ms - 3208[0m
[0mPOST /register [32m201[0m 3620.200 ms - 304[0m
[0mGET /blogs [32m200[0m 224.997 ms - 2324[0m
[0mGET /account [32m200[0m 388.768 ms - 5021[0m
[0mGET /account [32m200[0m 697.108 ms - 5024[0m
[0mGET /account [32m200[0m 1128.351 ms - 5066[0m
[0mGET /account [32m200[0m 504.433 ms - 5066[0m
[0mGET /donate [32m200[0m 9498.215 ms - 1251[0m
[0mGET /account [32m200[0m 375.728 ms - 5067[0m
[0mGET /account [36m304[0m 731.034 ms - -[0m
[0mGET /donate [32m200[0m 2736.196 ms - 1251[0m
[0mGET /account [32m200[0m 739.421 ms - 5066[0m
[0mGET /donate [32m200[0m 1764.781 ms - 1251[0m
[0mGET /account [32m200[0m 470.381 ms - 5072[0m
[0mGET /donate [32m200[0m 1672.157 ms - 1251[0m
[0mGET /account [32m200[0m 430.471 ms - 5072[0m
[0mGET /account [36m304[0m 816.852 ms - -[0m
[0mGET /account [36m304[0m 714.799 ms - -[0m
[0mGET /blogs/create [32m200[0m 319.307 ms - 2536[0m
[0mPOST /blogs [36m302[0m 511.087 ms - 56[0m
[0mGET /blogs [32m200[0m 1488.282 ms - 2534[0m
[0mGET /blogs/60ccf4e50255cc04fb91ea30 [32m200[0m 242.589 ms - 2640[0m
[0mGET /blogs/edit/60ccf4e50255cc04fb91ea30 [33m403[0m 295.299 ms - 3017[0m
[0mGET /blogs [36m304[0m 190.849 ms - -[0m
[0mGET /blogs/60ccf4e50255cc04fb91ea30 [36m304[0m 204.929 ms - -[0m
[0mDELETE /blogs/60ccf4e50255cc04fb91ea30 [32m200[0m 315.485 ms - 21[0m
[0mGET /blogs [32m200[0m 150.757 ms - 2318[0m
[0mGET /blogs/60ccf4e50255cc04fb91ea30 [32m200[0m 150.853 ms - 2640[0m
[0mDELETE /blogs/60ccf4e50255cc04fb91ea30 [32m200[0m 44.993 ms - 21[0m
[0mGET /blogs [32m200[0m 173.605 ms - 2100[0m
[0mGET /blogs/60ccf4e50255cc04fb91ea30 [32m200[0m 147.298 ms - 2640[0m
[0mDELETE /blogs/60ccf4e50255cc04fb91ea30 [32m200[0m 5.268 ms - 21[0m
[0mGET /blogs [32m200[0m 145.377 ms - 1873[0m
[0mGET /blogs/60ccf4e50255cc04fb91ea30 [32m200[0m 200.025 ms - 2640[0m
[0mDELETE /blogs/60ccf4e50255cc04fb91ea30 [32m200[0m 26.522 ms - 21[0m
[0mGET /blogs [32m200[0m 162.073 ms - 1831[0m
[0mGET /logout [36m302[0m 11.612 ms - 56[0m
[0mGET /blogs [32m200[0m 107.856 ms - 1844[0m
